#
# A fatal error has been detected by the Java Runtime Environment:
#
#  SIGSEGV (0xb) at pc=0x0000000000000000, pid=38488, tid=0x000000000000bc03
#
# JRE version: Java(TM) SE Runtime Environment (8.0_152-b16) (build 1.8.0_152-b16)
# Java VM: Java HotSpot(TM) 64-Bit Server VM (25.152-b16 mixed mode bsd-amd64 compressed oops)
# Problematic frame:
# C  0x0000000000000000
#
# Failed to write core dump. Core dumps have been disabled. To enable core dumping, try "ulimit -c unlimited" before starting Java again
#
# If you would like to submit a bug report, please visit:
#   http://bugreport.java.com/bugreport/crash.jsp
# The crash happened outside the Java Virtual Machine in native code.
# See problematic frame for where to report the bug.
#

---------------  T H R E A D  ---------------

Current thread (0x00007ff0609a5800):  JavaThread "WatchService for /private/var/local/build/jade/dev/app0/deployments/jade_server.ear/lib" daemon [_thread_in_native, id=48131, stack(0x0000700015684000,0x0000700015a84000)]

siginfo: si_signo: 11 (SIGSEGV), si_code: 1 (SEGV_MAPERR), si_addr: 0x0000000000000000

Registers:
RAX=0x00000001087fe208, RBX=0x00007ff05a9ba2d0, RCX=0x00007ff05a896ea0, RDX=0x0000000000000001
RSP=0x0000700015a7cbe8, RBP=0x0000700015a7cca0, RSI=0x0000000000000000, RDI=0x00007ff05a9ba2d0
R8 =0x0000000120297000, R9 =0x0000000120296000, R10=0x00007ff05a9ba2d0, R11=0x0000000000000000
R12=0x0000000120296000, R13=0x0000000000000000, R14=0x0000000000000000, R15=0x0000000000000000
RIP=0x0000000000000000, EFLAGS=0x0000000000010212, ERR=0x0000000000000014
  TRAPNO=0x000000000000000e

Top of Stack: (sp=0x0000700015a7cbe8)
0x0000700015a7cbe8:   00007fff3adb8463 0000000021890068
0x0000700015a7cbf8:   0000000000000000 0000c10300000000
0x0000700015a7cc08:   0000000000000000 0000000120298000
0x0000700015a7cc18:   0000000000000000 0000000100000000
0x0000700015a7cc28:   0000000000000001 0000000000000000
0x0000700015a7cc38:   0000000000000000 0000000120297000
0x0000700015a7cc48:   0000000000000001 0000000000000001
0x0000700015a7cc58:   0000000000000000 0000000000000000
0x0000700015a7cc68:   00007ff05a9ba2d0 00007ff05a896ea0
0x0000700015a7cc78:   0000700015a7cd00 00007fff93b548e4
0x0000700015a7cc88:   0000000000000000 0000700015a81ee0
0x0000700015a7cc98:   00007ff05ab52b10 0000700015a7cce0
0x0000700015a7cca8:   00007fff3adb78dd 0000000120296000
0x0000700015a7ccb8:   0000000000000001 0000000120295000
0x0000700015a7ccc8:   0000000000000048 0000000000000001
0x0000700015a7ccd8:   00007ff057f93c60 0000700015a7ccf0
0x0000700015a7cce8:   00007fff3adb77d7 0000700015a80d10
0x0000700015a7ccf8:   00007fff3adb9496 0000002400000000
0x0000700015a7cd08:   0000000000000000 0001061c00000000
0x0000700015a7cd18:   0000000000000000 0000000000000000
0x0000700015a7cd28:   0000000000000000 0000000000000000
0x0000700015a7cd38:   0000000000000000 0000000000000000
0x0000700015a7cd48:   0000000000000000 0000000000000000
0x0000700015a7cd58:   0000000000000000 0000000000000000
0x0000700015a7cd68:   0000000000000000 0000000000000000
0x0000700015a7cd78:   0000000000000000 0000000000000000
0x0000700015a7cd88:   0000000000000000 0000000000000000
0x0000700015a7cd98:   0000000000000000 0000000000000000
0x0000700015a7cda8:   0000000000000000 0000000000000000
0x0000700015a7cdb8:   0000000000000000 0000000000000000
0x0000700015a7cdc8:   0000000000000000 0000000000000000
0x0000700015a7cdd8:   0000000000000000 0000000000000000 

Instructions: (pc=0x0000000000000000)
0xffffffffffffffe0:   

Register to memory mapping:

RAX=0x00000001087fe208 is an unknown value
RBX=0x00007ff05a9ba2d0 is an unknown value
RCX=0x00007ff05a896ea0 is an unknown value
RDX=0x0000000000000001 is an unknown value
RSP=0x0000700015a7cbe8 is pointing into the stack for thread: 0x00007ff0609a5800
RBP=0x0000700015a7cca0 is pointing into the stack for thread: 0x00007ff0609a5800
RSI=0x0000000000000000 is an unknown value
RDI=0x00007ff05a9ba2d0 is an unknown value
R8 =0x0000000120297000 is an unknown value
R9 =0x0000000120296000 is an unknown value
R10=0x00007ff05a9ba2d0 is an unknown value
R11=0x0000000000000000 is an unknown value
R12=0x0000000120296000 is an unknown value
R13=0x0000000000000000 is an unknown value
R14=0x0000000000000000 is an unknown value
R15=0x0000000000000000 is an unknown value


Stack: [0x0000700015684000,0x0000700015a84000],  sp=0x0000700015a7cbe8,  free space=4066k
Java frames: (J=compiled Java code, j=interpreted, Vv=VM code)
j  com.sun.jna.Native.invokeVoid(Lcom/sun/jna/Function;JI[Ljava/lang/Object;)V+0
j  com.sun.jna.Function.invoke([Ljava/lang/Object;Ljava/lang/Class;ZI)Ljava/lang/Object;+43
j  com.sun.jna.Function.invoke(Ljava/lang/reflect/Method;[Ljava/lang/Class;Ljava/lang/Class;[Ljava/lang/Object;Ljava/util/Map;)Ljava/lang/Object;+271
j  com.sun.jna.Library$Handler.invoke(Ljava/lang/Object;Ljava/lang/reflect/Method;[Ljava/lang/Object;)Ljava/lang/Object;+344
j  com.sun.proxy.$Proxy2.CFRunLoopRun()V+9
j  com.barbarysoftware.watchservice.MacOSXListeningWatchService$CFRunLoopThread.run()V+51
v  ~StubRoutines::call_stub

---------------  P R O C E S S  ---------------

Java Threads: ( => current thread )
  0x00007ff05a059800 JavaThread "WatchService for /private/var/local/git/jade/entities/bin" daemon [_thread_in_native, id=64515, stack(0x000070001b2c9000,0x000070001b6c9000)]
  0x00007ff062d8d000 JavaThread "WatchService for /private/var/local/git/demeter/api/bin" daemon [_thread_in_native, id=66307, stack(0x000070001aec6000,0x000070001b2c6000)]
  0x00007ff05f38f000 JavaThread "WatchService for /private/var/local/git/alcina/bin" daemon [_thread_in_native, id=67843, stack(0x000070001aac3000,0x000070001aec3000)]
  0x00007ff06135e000 JavaThread "Thread-32" [_thread_blocked, id=68099, stack(0x000070001a6c0000,0x000070001aac0000)]
  0x00007ff05e3fa800 JavaThread "WatchService for /private/var/local/git/shop.barnet/api/bin" daemon [_thread_in_native, id=69891, stack(0x000070001a2bd000,0x000070001a6bd000)]
  0x00007ff060848800 JavaThread "Thread-31" [_thread_blocked, id=60675, stack(0x0000700019eba000,0x000070001a2ba000)]
  0x00007ff061676800 JavaThread "Thread-30" [_thread_blocked, id=70403, stack(0x0000700019ab7000,0x0000700019eb7000)]
  0x00007ff0609c7000 JavaThread "Thread-29" [_thread_blocked, id=70659, stack(0x00007000196b4000,0x0000700019ab4000)]
  0x00007ff060148000 JavaThread "WatchService for /private/var/local/git/alcina/framework/gwt/src" daemon [_thread_in_native, id=71683, stack(0x00007000192b1000,0x00007000196b1000)]
  0x00007ff05fc07800 JavaThread "WatchService for /private/var/local/git/jade/client/bin" daemon [_thread_in_native, id=72963, stack(0x0000700018eae000,0x00007000192ae000)]
  0x00007ff0603a9800 JavaThread "Thread-28" [_thread_blocked, id=58371, stack(0x0000700018aab000,0x0000700018eab000)]
  0x00007ff05e044000 JavaThread "WatchService for /private/var/local/git/demeter/api/src" daemon [_thread_in_native, id=74755, stack(0x00007000186a8000,0x0000700018aa8000)]
  0x00007ff060f5c000 JavaThread "WatchService for /private/var/local/git/alcina/framework/common/src" daemon [_thread_in_native, id=57091, stack(0x00007000182a5000,0x00007000186a5000)]
  0x00007ff062498000 JavaThread "Thread-27" [_thread_blocked, id=56579, stack(0x0000700017ea2000,0x00007000182a2000)]
  0x00007ff0629c2800 JavaThread "WatchService for /private/var/local/git/jade/entities/src" daemon [_thread_in_native, id=77315, stack(0x0000700017a9f000,0x0000700017e9f000)]
  0x00007ff06014b000 JavaThread "Thread-26" [_thread_blocked, id=55299, stack(0x000070001769c000,0x0000700017a9c000)]
  0x00007ff05f710800 JavaThread "Thread-25" [_thread_blocked, id=54787, stack(0x0000700017299000,0x0000700017699000)]
  0x00007ff0612d7000 JavaThread "Thread-24" [_thread_blocked, id=54275, stack(0x0000700016e96000,0x0000700017296000)]
  0x00007ff06014a000 JavaThread "WatchService for /private/var/local/git/jade/client/src" daemon [_thread_in_native, id=53251, stack(0x0000700016a93000,0x0000700016e93000)]
  0x00007ff062865800 JavaThread "Thread-23" [_thread_blocked, id=52995, stack(0x0000700016690000,0x0000700016a90000)]
  0x00007ff05c2af800 JavaThread "WatchService for /private/var/local/git/jade/client/src-test" daemon [_thread_in_native, id=79895, stack(0x000070001628d000,0x000070001668d000)]
  0x00007ff05e778000 JavaThread "Thread-22" [_thread_blocked, id=47683, stack(0x0000700014e7e000,0x000070001527e000)]
  0x00007ff062f56800 JavaThread "WatchService for /private/var/local/build/jade/dev/app0/deployments/jade_server.ear" daemon [_thread_in_Java, id=51459, stack(0x0000700015e8a000,0x000070001628a000)]
  0x00007ff0618b6800 JavaThread "WatchService for /private/var/local/build/jade/dev/app0/deployments/jade_server.ear/lib" daemon [_thread_in_native, id=81667, stack(0x0000700015a87000,0x0000700015e87000)]
=>0x00007ff0609a5800 JavaThread "WatchService for /private/var/local/build/jade/dev/app0/deployments/jade_server.ear/lib" daemon [_thread_in_native, id=48131, stack(0x0000700015684000,0x0000700015a84000)]
  0x00007ff058256800 JavaThread "Thread-21" [_thread_blocked, id=82435, stack(0x0000700015281000,0x0000700015681000)]
  0x00007ff05f437000 JavaThread "WatchService for /private/var/local/build/jade/dev/app0/deployments/jade_server.ear/lib" daemon [_thread_in_native, id=83459, stack(0x0000700014a7b000,0x0000700014e7b000)]
  0x00007ff05e038000 JavaThread "Thread-19" [_thread_blocked, id=83971, stack(0x0000700014678000,0x0000700014a78000)]
  0x00007ff060a1d000 JavaThread "Thread-18" [_thread_blocked, id=46379, stack(0x0000700014275000,0x0000700014675000)]
  0x00007ff062c29000 JavaThread "WatchService for /private/var/local/build/ceres/dev/app0/deployments/ceres_server.ear/lib" daemon [_thread_in_native, id=45059, stack(0x0000700013e72000,0x0000700014272000)]
  0x00007ff060b54800 JavaThread "Thread-17" [_thread_blocked, id=85251, stack(0x0000700013a6f000,0x0000700013e6f000)]
  0x00007ff061be3800 JavaThread "WatchService for /private/var/local/build/ceres/dev/app0/deployments/ceres_server.ear/lib" daemon [_thread_in_native, id=86531, stack(0x000070001366c000,0x0000700013a6c000)]
  0x00007ff060a75000 JavaThread "Thread-16" [_thread_blocked, id=43779, stack(0x0000700013269000,0x0000700013669000)]
  0x00007ff061419000 JavaThread "WatchService for /private/var/local/build/ceres/dev/app0/deployments/ceres_server.ear" daemon [_thread_in_native, id=31235, stack(0x0000700012e66000,0x0000700013266000)]
  0x00007ff0629f7000 JavaThread "WatchService for /private/var/local/build/ceres/dev/app0/deployments/ceres_server.ear/lib" daemon [_thread_in_native, id=32771, stack(0x0000700012a63000,0x0000700012e63000)]
  0x00007ff05f1ae800 JavaThread "Thread-15" [_thread_blocked, id=33283, stack(0x0000700012660000,0x0000700012a60000)]
  0x00007ff060b5d000 JavaThread "Thread-14" [_thread_blocked, id=33811, stack(0x000070001225d000,0x000070001265d000)]
  0x00007ff05a009800 JavaThread "WatchService for /private/var/local/build/vr/dev/app0/deployments/vr_crm_server.ear/lib" daemon [_thread_in_native, id=27139, stack(0x0000700011e5a000,0x000070001225a000)]
  0x00007ff05cfee800 JavaThread "WatchService for /private/var/local/build/vr/dev/app0/deployments/vr_crm_server.ear/lib" daemon [_thread_in_native, id=26627, stack(0x0000700011a57000,0x0000700011e57000)]
  0x00007ff05819f000 JavaThread "WatchService for /private/var/local/build/vr/dev/app0/deployments/vr_crm_server.ear" daemon [_thread_in_native, id=38915, stack(0x0000700011654000,0x0000700011a54000)]
  0x00007ff05cb78000 JavaThread "WatchService for /private/var/local/build/vr/dev/app0/deployments/vr_crm_server.ear/lib" daemon [_thread_in_native, id=26371, stack(0x0000700011251000,0x0000700011651000)]
  0x00007ff05bd6a000 JavaThread "Thread-13" [_thread_blocked, id=39427, stack(0x0000700010e4e000,0x000070001124e000)]
  0x00007ff05b1e2000 JavaThread "Thread-12" [_thread_blocked, id=25859, stack(0x0000700010a4b000,0x0000700010e4b000)]
  0x00007ff05c2af000 JavaThread "Thread-11" [_thread_blocked, id=18963, stack(0x0000700010648000,0x0000700010a48000)]
  0x00007ff05bad3800 JavaThread "Thread-10" [_thread_blocked, id=3335, stack(0x0000700010245000,0x0000700010645000)]
  0x00007ff05b97c800 JavaThread "Scheduler-1325808650" [_thread_blocked, id=4359, stack(0x000070000fe42000,0x0000700010242000)]
  0x00007ff059afa800 JavaThread "qtp1558712965-22" [_thread_blocked, id=25603, stack(0x000070000fa3f000,0x000070000fe3f000)]
  0x00007ff05c129800 JavaThread "qtp1558712965-21" [_thread_blocked, id=25347, stack(0x000070000f63c000,0x000070000fa3c000)]
  0x00007ff05c2b2000 JavaThread "qtp1558712965-20" [_thread_in_Java, id=25091, stack(0x000070000f239000,0x000070000f639000)]
  0x00007ff05c2b1000 JavaThread "qtp1558712965-19-acceptor-0@2fd725e7-ServerConnector@2110de6d{HTTP/1.1}{0.0.0.0:10005}" [_thread_in_native, id=24835, stack(0x000070000ee36000,0x000070000f236000)]
  0x00007ff05b87f800 JavaThread "qtp1558712965-18-selector-ServerConnectorManager@5cfada9e/3" [_thread_in_native, id=41475, stack(0x000070000ea33000,0x000070000ee33000)]
  0x00007ff05c2b0800 JavaThread "qtp1558712965-17-selector-ServerConnectorManager@5cfada9e/2" [_thread_in_native, id=41731, stack(0x000070000e630000,0x000070000ea30000)]
  0x00007ff05c137000 JavaThread "qtp1558712965-16-selector-ServerConnectorManager@5cfada9e/1" [_thread_in_native, id=23811, stack(0x000070000e22d000,0x000070000e62d000)]
  0x00007ff05c175000 JavaThread "qtp1558712965-15-selector-ServerConnectorManager@5cfada9e/0" [_thread_in_native, id=23559, stack(0x000070000de2a000,0x000070000e22a000)]
  0x00007ff05989e000 JavaThread "Service Thread" daemon [_thread_blocked, id=42499, stack(0x000070000d924000,0x000070000dd24000)]
  0x00007ff05c020800 JavaThread "C1 CompilerThread3" daemon [_thread_blocked, id=42755, stack(0x000070000d821000,0x000070000d921000)]
  0x00007ff058884000 JavaThread "C2 CompilerThread2" daemon [_thread_blocked, id=22275, stack(0x000070000d71e000,0x000070000d81e000)]
  0x00007ff0580b2800 JavaThread "C2 CompilerThread1" daemon [_thread_blocked, id=43011, stack(0x000070000d61b000,0x000070000d71b000)]
  0x00007ff0580b2000 JavaThread "C2 CompilerThread0" daemon [_thread_blocked, id=21763, stack(0x000070000d518000,0x000070000d618000)]
  0x00007ff05883d000 JavaThread "JDWP Command Reader" daemon [_thread_in_native, id=16131, stack(0x000070000d115000,0x000070000d515000)]
  0x00007ff05804b000 JavaThread "JDWP Event Helper Thread" daemon [_thread_blocked, id=15363, stack(0x000070000cd12000,0x000070000d112000)]
  0x00007ff059817000 JavaThread "JDWP Transport Listener: dt_socket" daemon [_thread_blocked, id=14855, stack(0x000070000c90f000,0x000070000cd0f000)]
  0x00007ff05b81d000 JavaThread "Signal Dispatcher" daemon [_thread_blocked, id=16643, stack(0x000070000c50c000,0x000070000c90c000)]
  0x00007ff059812800 JavaThread "Surrogate Locker Thread (Concurrent GC)" daemon [_thread_blocked, id=17415, stack(0x000070000c109000,0x000070000c509000)]
  0x00007ff05804a000 JavaThread "Finalizer" daemon [_thread_blocked, id=19459, stack(0x000070000bd06000,0x000070000c106000)]
  0x00007ff05c007800 JavaThread "Reference Handler" daemon [_thread_blocked, id=19715, stack(0x000070000b903000,0x000070000bd03000)]
  0x00007ff05b808800 JavaThread "main" [_thread_blocked, id=5891, stack(0x000070000aae2000,0x000070000aee2000)]

Other Threads:
  0x00007ff058049800 VMThread [stack: 0x000070000b800000,0x000070000b900000] [id=19971]
  0x00007ff05b875800 WatcherThread [stack: 0x000070000dd27000,0x000070000de27000] [id=23299]

VM state:not at safepoint (normal execution)

VM Mutex/Monitor currently owned by a thread: None

Heap:
 par new generation   total 61440K, used 54754K [0x0000000787c00000, 0x000000078bea0000, 0x000000079a800000)
  eden space 54656K,  91% used [0x0000000787c00000, 0x000000078ac96950, 0x000000078b160000)
  from space 6784K,  73% used [0x000000078b800000, 0x000000078bce2128, 0x000000078bea0000)
  to   space 6784K,   0% used [0x000000078b160000, 0x000000078b160000, 0x000000078b800000)
 concurrent mark-sweep generation total 152968K, used 36435K [0x000000079a800000, 0x00000007a3d62000, 0x00000007c0000000)
 Metaspace       used 18141K, capacity 18382K, committed 18560K, reserved 1064960K
  class space    used 1972K, capacity 2067K, committed 2176K, reserved 1048576K

Card table byte_map: [0x000000010ac11000,0x000000010add4000] byte_map_base: 0x0000000106fd3000

Marking Bits: (CMSBitMap*) 0x00007ff058042948
 Bits: [0x000000010b501000, 0x000000010be61000)

Mod Union Table: (CMSBitMap*) 0x00007ff058042a08
 Bits: [0x000000010be62000, 0x000000010be87800)

Polling page: 0x00000001087ae000

CodeCache: size=245760Kb used=11441Kb max_used=11497Kb free=234318Kb
 bounds [0x000000010e319000, 0x000000010ee79000, 0x000000011d319000]
 total_blobs=3294 nmethods=2889 adapters=326
 compilation: enabled

Compilation events (10 events):
Event: 9950.180 Thread 0x00007ff05c020800 3941       3       sun.reflect.generics.parser.SignatureParser::parseClassTypeSignature (118 bytes)
Event: 9950.184 Thread 0x00007ff05c020800 nmethod 3941 0x000000010ee5cdd0 code [0x000000010ee5d180, 0x000000010ee5ed88]
Event: 9950.206 Thread 0x00007ff0580b2800 3942       4       cc.alcina.framework.common.client.util.CommonUtils::join (7 bytes)
Event: 9950.252 Thread 0x00007ff0580b2800 nmethod 3942 0x000000010ee667d0 code [0x000000010ee66a20, 0x000000010ee681e8]
Event: 10029.390 Thread 0x00007ff05c020800 3943       3       org.eclipse.jetty.io.ChannelEndPoint::isInputShutdown (35 bytes)
Event: 10029.391 Thread 0x00007ff05c020800 nmethod 3943 0x000000010eb0fa50 code [0x000000010eb0fbe0, 0x000000010eb0ff98]
Event: 10029.397 Thread 0x00007ff05c020800 3945   !   3       sun.nio.ch.SelectorImpl::processDeregisterQueue (101 bytes)
Event: 10029.405 Thread 0x00007ff05c020800 nmethod 3945 0x000000010ee65410 code [0x000000010ee65640, 0x000000010ee661f8]
Event: 10029.407 Thread 0x00007ff05c020800 3944       3       sun.nio.ch.SocketAdaptor::isInputShutdown (16 bytes)
Event: 10029.409 Thread 0x00007ff05c020800 nmethod 3944 0x000000010ee5c690 code [0x000000010ee5c800, 0x000000010ee5cbd0]

GC Heap History (10 events):
Event: 7712.583 GC heap before
{Heap before GC invocations=56 (full 3):
 par new generation   total 61440K, used 61440K [0x0000000787c00000, 0x000000078bea0000, 0x000000079a800000)
  eden space 54656K, 100% used [0x0000000787c00000, 0x000000078b160000, 0x000000078b160000)
  from space 6784K, 100% used [0x000000078b160000, 0x000000078b800000, 0x000000078b800000)
  to   space 6784K,   0% used [0x000000078b800000, 0x000000078b800000, 0x000000078bea0000)
 concurrent mark-sweep generation total 152968K, used 90010K [0x000000079a800000, 0x00000007a3d62000, 0x00000007c0000000)
 Metaspace       used 17757K, capacity 18070K, committed 18176K, reserved 1064960K
  class space    used 1947K, capacity 2033K, committed 2048K, reserved 1048576K
Event: 7712.586 GC heap after
Heap after GC invocations=57 (full 3):
 par new generation   total 61440K, used 6128K [0x0000000787c00000, 0x000000078bea0000, 0x000000079a800000)
  eden space 54656K,   0% used [0x0000000787c00000, 0x0000000787c00000, 0x000000078b160000)
  from space 6784K,  90% used [0x000000078b800000, 0x000000078bdfc0b8, 0x000000078bea0000)
  to   space 6784K,   0% used [0x000000078b160000, 0x000000078b160000, 0x000000078b800000)
 concurrent mark-sweep generation total 152968K, used 90010K [0x000000079a800000, 0x00000007a3d62000, 0x00000007c0000000)
 Metaspace       used 17757K, capacity 18070K, committed 18176K, reserved 1064960K
  class space    used 1947K, capacity 2033K, committed 2048K, reserved 1048576K
}
Event: 7832.491 GC heap before
{Heap before GC invocations=57 (full 3):
 par new generation   total 61440K, used 60784K [0x0000000787c00000, 0x000000078bea0000, 0x000000079a800000)
  eden space 54656K, 100% used [0x0000000787c00000, 0x000000078b160000, 0x000000078b160000)
  from space 6784K,  90% used [0x000000078b800000, 0x000000078bdfc0b8, 0x000000078bea0000)
  to   space 6784K,   0% used [0x000000078b160000, 0x000000078b160000, 0x000000078b800000)
 concurrent mark-sweep generation total 152968K, used 90010K [0x000000079a800000, 0x00000007a3d62000, 0x00000007c0000000)
 Metaspace       used 17940K, capacity 18230K, committed 18560K, reserved 1064960K
  class space    used 1971K, capacity 2065K, committed 2176K, reserved 1048576K
Event: 7832.660 GC heap after
Heap after GC invocations=58 (full 3):
 par new generation   total 61440K, used 6783K [0x0000000787c00000, 0x000000078bea0000, 0x000000079a800000)
  eden space 54656K,   0% used [0x0000000787c00000, 0x0000000787c00000, 0x000000078b160000)
  from space 6784K,  99% used [0x000000078b160000, 0x000000078b7ffff8, 0x000000078b800000)
  to   space 6784K,   0% used [0x000000078b800000, 0x000000078b800000, 0x000000078bea0000)
 concurrent mark-sweep generation total 152968K, used 98003K [0x000000079a800000, 0x00000007a3d62000, 0x00000007c0000000)
 Metaspace       used 17940K, capacity 18230K, committed 18560K, reserved 1064960K
  class space    used 1971K, capacity 2065K, committed 2176K, reserved 1048576K
}
Event: 7833.326 GC heap before
{Heap before GC invocations=58 (full 3):
 par new generation   total 61440K, used 61306K [0x0000000787c00000, 0x000000078bea0000, 0x000000079a800000)
  eden space 54656K,  99% used [0x0000000787c00000, 0x000000078b13e850, 0x000000078b160000)
  from space 6784K,  99% used [0x000000078b160000, 0x000000078b7ffff8, 0x000000078b800000)
  to   space 6784K,   0% used [0x000000078b800000, 0x000000078b800000, 0x000000078bea0000)
 concurrent mark-sweep generation total 152968K, used 98003K [0x000000079a800000, 0x00000007a3d62000, 0x00000007c0000000)
 Metaspace       used 18007K, capacity 18306K, committed 18560K, reserved 1064960K
  class space    used 1972K, capacity 2067K, committed 2176K, reserved 1048576K
Event: 7833.378 GC heap after
Heap after GC invocations=59 (full 3):
 par new generation   total 61440K, used 6784K [0x0000000787c00000, 0x000000078bea0000, 0x000000079a800000)
  eden space 54656K,   0% used [0x0000000787c00000, 0x0000000787c00000, 0x000000078b160000)
  from space 6784K, 100% used [0x000000078b800000, 0x000000078bea0000, 0x000000078bea0000)
  to   space 6784K,   0% used [0x000000078b160000, 0x000000078b160000, 0x000000078b800000)
 concurrent mark-sweep generation total 152968K, used 107741K [0x000000079a800000, 0x00000007a3d62000, 0x00000007c0000000)
 Metaspace       used 18007K, capacity 18306K, committed 18560K, reserved 1064960K
  class space    used 1972K, capacity 2067K, committed 2176K, reserved 1048576K
}
Event: 8461.422 GC heap before
{Heap before GC invocations=59 (full 4):
 par new generation   total 61440K, used 61440K [0x0000000787c00000, 0x000000078bea0000, 0x000000079a800000)
  eden space 54656K, 100% used [0x0000000787c00000, 0x000000078b160000, 0x000000078b160000)
  from space 6784K, 100% used [0x000000078b800000, 0x000000078bea0000, 0x000000078bea0000)
  to   space 6784K,   0% used [0x000000078b160000, 0x000000078b160000, 0x000000078b800000)
 concurrent mark-sweep generation total 152968K, used 31183K [0x000000079a800000, 0x00000007a3d62000, 0x00000007c0000000)
 Metaspace       used 18058K, capacity 18350K, committed 18560K, reserved 1064960K
  class space    used 1969K, capacity 2063K, committed 2176K, reserved 1048576K
Event: 8461.557 GC heap after
Heap after GC invocations=60 (full 4):
 par new generation   total 61440K, used 6223K [0x0000000787c00000, 0x000000078bea0000, 0x000000079a800000)
  eden space 54656K,   0% used [0x0000000787c00000, 0x0000000787c00000, 0x000000078b160000)
  from space 6784K,  91% used [0x000000078b160000, 0x000000078b773d68, 0x000000078b800000)
  to   space 6784K,   0% used [0x000000078b800000, 0x000000078b800000, 0x000000078bea0000)
 concurrent mark-sweep generation total 152968K, used 36435K [0x000000079a800000, 0x00000007a3d62000, 0x00000007c0000000)
 Metaspace       used 18058K, capacity 18350K, committed 18560K, reserved 1064960K
  class space    used 1969K, capacity 2063K, committed 2176K, reserved 1048576K
}
Event: 8871.289 GC heap before
{Heap before GC invocations=60 (full 4):
 par new generation   total 61440K, used 60857K [0x0000000787c00000, 0x000000078bea0000, 0x000000079a800000)
  eden space 54656K,  99% used [0x0000000787c00000, 0x000000078b15a928, 0x000000078b160000)
  from space 6784K,  91% used [0x000000078b160000, 0x000000078b773d68, 0x000000078b800000)
  to   space 6784K,   0% used [0x000000078b800000, 0x000000078b800000, 0x000000078bea0000)
 concurrent mark-sweep generation total 152968K, used 36435K [0x000000079a800000, 0x00000007a3d62000, 0x00000007c0000000)
 Metaspace       used 18078K, capacity 18350K, committed 18560K, reserved 1064960K
  class space    used 1969K, capacity 2063K, committed 2176K, reserved 1048576K
Event: 8871.333 GC heap after
Heap after GC invocations=61 (full 4):
 par new generation   total 61440K, used 5000K [0x0000000787c00000, 0x000000078bea0000, 0x000000079a800000)
  eden space 54656K,   0% used [0x0000000787c00000, 0x0000000787c00000, 0x000000078b160000)
  from space 6784K,  73% used [0x000000078b800000, 0x000000078bce2128, 0x000000078bea0000)
  to   space 6784K,   0% used [0x000000078b160000, 0x000000078b160000, 0x000000078b800000)
 concurrent mark-sweep generation total 152968K, used 36435K [0x000000079a800000, 0x00000007a3d62000, 0x00000007c0000000)
 Metaspace       used 18078K, capacity 18350K, committed 18560K, reserved 1064960K
  class space    used 1969K, capacity 2063K, committed 2176K, reserved 1048576K
}

Deoptimization events (10 events):
Event: 9950.180 Thread 0x00007ff05c129800 Uncommon trap: reason=unhandled action=none pc=0x000000010e8abcb8 method=java.lang.Class.getConstructor0([Ljava/lang/Class;I)Ljava/lang/reflect/Constructor; @ 102
Event: 9950.180 Thread 0x00007ff05c129800 Uncommon trap: reason=unhandled action=none pc=0x000000010e8abcb8 method=java.lang.Class.getConstructor0([Ljava/lang/Class;I)Ljava/lang/reflect/Constructor; @ 102
Event: 9950.204 Thread 0x00007ff05c129800 Uncommon trap: reason=unhandled action=none pc=0x000000010e8abcb8 method=java.lang.Class.getConstructor0([Ljava/lang/Class;I)Ljava/lang/reflect/Constructor; @ 102
Event: 9950.204 Thread 0x00007ff05c129800 Uncommon trap: reason=unhandled action=none pc=0x000000010e8abcb8 method=java.lang.Class.getConstructor0([Ljava/lang/Class;I)Ljava/lang/reflect/Constructor; @ 102
Event: 9950.204 Thread 0x00007ff05c129800 Uncommon trap: reason=unhandled action=none pc=0x000000010e8abcb8 method=java.lang.Class.getConstructor0([Ljava/lang/Class;I)Ljava/lang/reflect/Constructor; @ 102
Event: 9950.205 Thread 0x00007ff05c129800 Uncommon trap: reason=unhandled action=none pc=0x000000010e8abcb8 method=java.lang.Class.getConstructor0([Ljava/lang/Class;I)Ljava/lang/reflect/Constructor; @ 102
Event: 9950.205 Thread 0x00007ff05c129800 Uncommon trap: reason=unhandled action=none pc=0x000000010e8abcb8 method=java.lang.Class.getConstructor0([Ljava/lang/Class;I)Ljava/lang/reflect/Constructor; @ 102
Event: 9950.205 Thread 0x00007ff05c129800 Uncommon trap: reason=unhandled action=none pc=0x000000010e8abcb8 method=java.lang.Class.getConstructor0([Ljava/lang/Class;I)Ljava/lang/reflect/Constructor; @ 102
Event: 9950.205 Thread 0x00007ff05c129800 Uncommon trap: reason=unhandled action=none pc=0x000000010e8abcb8 method=java.lang.Class.getConstructor0([Ljava/lang/Class;I)Ljava/lang/reflect/Constructor; @ 102
Event: 9950.205 Thread 0x00007ff05c129800 Uncommon trap: reason=unhandled action=none pc=0x000000010e8abcb8 method=java.lang.Class.getConstructor0([Ljava/lang/Class;I)Ljava/lang/reflect/Constructor; @ 102

Classes redefined (0 events):
No events

Internal exceptions (10 events):
Event: 104.934 Thread 0x00007ff05c129800 Exception <a 'java/lang/ArrayIndexOutOfBoundsException'> (0x00000007884159d8) thrown at [/Users/java_re/workspace/8-2-build-macosx-x86_64/jdk8u152/9742/hotspot/src/share/vm/runtime/sharedRuntime.cpp, line 605]
Event: 105.837 Thread 0x00007ff05c129800 Exception <a 'java/lang/NoSuchMethodError': java.lang.Object.lambda$comparing$77a9974f$1(Ljava/util/function/Function;Ljava/lang/Object;Ljava/lang/Object;)I> (0x0000000789826920) thrown at [/Users/java_re/workspace/8-2-build-macosx-x86_64/jdk8u152/9742/ho
Event: 155.293 Thread 0x00007ff05c129800 Implicit null exception at 0x000000010ea99e30 to 0x000000010eaad7f9
Event: 7010.430 Thread 0x00007ff05c129800 Implicit null exception at 0x000000010e844437 to 0x000000010e844e55
Event: 7177.812 Thread 0x00007ff0609a5800 Implicit null exception at 0x000000010ea760a8 to 0x000000010ea76a35
Event: 7177.812 Thread 0x00007ff05f437000 Implicit null exception at 0x000000010ea760a8 to 0x000000010ea76a35
Event: 7177.812 Thread 0x00007ff0618b6800 Implicit null exception at 0x000000010ea760a8 to 0x000000010ea76a35
Event: 7177.813 Thread 0x00007ff062f56800 Implicit null exception at 0x000000010ea760a8 to 0x000000010ea76a35
Event: 7190.152 Thread 0x00007ff062c28000 Exception <a 'java/util/zip/ZipException'> (0x000000078968a200) thrown at [/Users/java_re/workspace/8-2-build-macosx-x86_64/jdk8u152/9742/hotspot/src/share/vm/prims/jni.cpp, line 709]
Event: 7833.284 Thread 0x00007ff059afa800 Implicit null exception at 0x000000010ea1f2fe to 0x000000010ea2084d

Events (10 events):
Event: 9950.205 Thread 0x00007ff05c129800 DEOPT UNPACKING pc=0x000000010e360633 sp=0x000070000fa3a960 mode 1
Event: 9950.253 Thread 0x00007ff0580b2800 flushing nmethod 0x000000010e485b50
Event: 9950.254 Thread 0x00007ff0580b2800 flushing nmethod 0x000000010e4a4210
Event: 10029.391 Executing VM operation: RevokeBias
Event: 10029.392 Executing VM operation: RevokeBias done
Event: 10029.394 Thread 0x00007ff05c020800 flushing nmethod 0x000000010e500c50
Event: 10029.406 Thread 0x00007ff05c020800 flushing nmethod 0x000000010e5a9310
Event: 10029.406 Thread 0x00007ff05c020800 flushing nmethod 0x000000010e5c0650
Event: 10029.409 Thread 0x00007ff05c020800 flushing nmethod 0x000000010e5e00d0
Event: 10029.411 Thread 0x00007ff05c020800 flushing nmethod 0x000000010e60a610


Dynamic libraries:
0x0000000011d9e000 	/System/Library/Frameworks/Cocoa.framework/Versions/A/Cocoa
0x0000000011d9e000 	/System/Library/Frameworks/Security.framework/Versions/A/Security
0x0000000011d9e000 	/System/Library/Frameworks/ApplicationServices.framework/Versions/A/ApplicationServices
0x0000000011d9e000 	/usr/lib/libz.1.dylib
0x0000000011d9e000 	/usr/lib/libSystem.B.dylib
0x0000000011d9e000 	/usr/lib/libobjc.A.dylib
0x0000000011d9e000 	/System/Library/Frameworks/CoreFoundation.framework/Versions/A/CoreFoundation
0x0000000011d9e000 	/System/Library/Frameworks/Foundation.framework/Versions/C/Foundation
0x0000000011d9e000 	/System/Library/Frameworks/AppKit.framework/Versions/C/AppKit
0x0000000011d9e000 	/System/Library/Frameworks/CoreData.framework/Versions/A/CoreData
0x0000000011d9e000 	/System/Library/PrivateFrameworks/RemoteViewServices.framework/Versions/A/RemoteViewServices
0x0000000011d9e000 	/System/Library/PrivateFrameworks/UIFoundation.framework/Versions/A/UIFoundation
0x0000000011d9e000 	/System/Library/PrivateFrameworks/DFRFoundation.framework/Versions/A/DFRFoundation
0x0000000011d9e000 	/System/Library/Frameworks/Metal.framework/Versions/A/Metal
0x0000000011d9e000 	/System/Library/PrivateFrameworks/DesktopServicesPriv.framework/Versions/A/DesktopServicesPriv
0x0000000011d9e000 	/usr/lib/libenergytrace.dylib
0x0000000011d9e000 	/System/Library/PrivateFrameworks/SkyLight.framework/Versions/A/SkyLight
0x0000000011d9e000 	/System/Library/Frameworks/CoreGraphics.framework/Versions/A/CoreGraphics
0x0000000011d9e000 	/usr/lib/libScreenReader.dylib
0x0000000011d9e000 	/System/Library/Frameworks/Accelerate.framework/Versions/A/Accelerate
0x0000000011d9e000 	/System/Library/Frameworks/IOSurface.framework/Versions/A/IOSurface
0x0000000011d9e000 	/System/Library/Frameworks/AudioToolbox.framework/Versions/A/AudioToolbox
0x0000000011d9e000 	/System/Library/Frameworks/AudioUnit.framework/Versions/A/AudioUnit
0x0000000011d9e000 	/System/Library/PrivateFrameworks/DataDetectorsCore.framework/Versions/A/DataDetectorsCore
0x0000000011d9e000 	/System/Library/Frameworks/Carbon.framework/Versions/A/Frameworks/HIToolbox.framework/Versions/A/HIToolbox
0x0000000011d9e000 	/usr/lib/libicucore.A.dylib
0x0000000011d9e000 	/System/Library/Frameworks/QuartzCore.framework/Versions/A/QuartzCore
0x0000000011d9e000 	/System/Library/PrivateFrameworks/SignpostNotification.framework/Versions/A/SignpostNotification
0x0000000011d9e000 	/System/Library/Frameworks/Carbon.framework/Versions/A/Frameworks/SpeechRecognition.framework/Versions/A/SpeechRecognition
0x0000000011d9e000 	/usr/lib/libauto.dylib
0x0000000011d9e000 	/usr/lib/libxml2.2.dylib
0x0000000011d9e000 	/System/Library/PrivateFrameworks/CoreUI.framework/Versions/A/CoreUI
0x0000000011d9e000 	/System/Library/Frameworks/CoreAudio.framework/Versions/A/CoreAudio
0x0000000011d9e000 	/System/Library/Frameworks/DiskArbitration.framework/Versions/A/DiskArbitration
0x0000000011d9e000 	/usr/lib/liblangid.dylib
0x0000000011d9e000 	/System/Library/PrivateFrameworks/MultitouchSupport.framework/Versions/A/MultitouchSupport
0x0000000011d9e000 	/System/Library/Frameworks/IOKit.framework/Versions/A/IOKit
0x0000000011d9e000 	/usr/lib/libDiagnosticMessagesClient.dylib
0x0000000011d9e000 	/System/Library/Frameworks/CoreServices.framework/Versions/A/CoreServices
0x0000000011d9e000 	/System/Library/PrivateFrameworks/PerformanceAnalysis.framework/Versions/A/PerformanceAnalysis
0x0000000011d9e000 	/System/Library/Frameworks/OpenGL.framework/Versions/A/OpenGL
0x0000000011d9e000 	/System/Library/Frameworks/ColorSync.framework/Versions/A/ColorSync
0x0000000011d9e000 	/System/Library/Frameworks/CoreImage.framework/Versions/A/CoreImage
0x0000000011d9e000 	/System/Library/Frameworks/CoreText.framework/Versions/A/CoreText
0x0000000011d9e000 	/System/Library/Frameworks/ImageIO.framework/Versions/A/ImageIO
0x0000000011d9e000 	/System/Library/PrivateFrameworks/Backup.framework/Versions/A/Backup
0x0000000011d9e000 	/usr/lib/libarchive.2.dylib
0x0000000011d9e000 	/System/Library/Frameworks/CFNetwork.framework/Versions/A/CFNetwork
0x0000000011d9e000 	/System/Library/Frameworks/SystemConfiguration.framework/Versions/A/SystemConfiguration
0x0000000011d9e000 	/usr/lib/libCRFSuite.dylib
0x0000000011d9e000 	/usr/lib/libc++.1.dylib
0x0000000011d9e000 	/usr/lib/libc++abi.dylib
0x0000000011d9e000 	/usr/lib/system/libcache.dylib
0x0000000011d9e000 	/usr/lib/system/libcommonCrypto.dylib
0x0000000011d9e000 	/usr/lib/system/libcompiler_rt.dylib
0x0000000011d9e000 	/usr/lib/system/libcopyfile.dylib
0x0000000011d9e000 	/usr/lib/system/libcorecrypto.dylib
0x0000000011d9e000 	/usr/lib/system/libdispatch.dylib
0x0000000011d9e000 	/usr/lib/system/libdyld.dylib
0x0000000011d9e000 	/usr/lib/system/libkeymgr.dylib
0x0000000011d9e000 	/usr/lib/system/liblaunch.dylib
0x0000000011d9e000 	/usr/lib/system/libmacho.dylib
0x0000000011d9e000 	/usr/lib/system/libquarantine.dylib
0x0000000011d9e000 	/usr/lib/system/libremovefile.dylib
0x0000000011d9e000 	/usr/lib/system/libsystem_asl.dylib
0x0000000011d9e000 	/usr/lib/system/libsystem_blocks.dylib
0x0000000011d9e000 	/usr/lib/system/libsystem_c.dylib
0x0000000011d9e000 	/usr/lib/system/libsystem_configuration.dylib
0x0000000011d9e000 	/usr/lib/system/libsystem_coreservices.dylib
0x0000000011d9e000 	/usr/lib/system/libsystem_darwin.dylib
0x0000000011d9e000 	/usr/lib/system/libsystem_dnssd.dylib
0x0000000011d9e000 	/usr/lib/system/libsystem_info.dylib
0x0000000011d9e000 	/usr/lib/system/libsystem_m.dylib
0x0000000011d9e000 	/usr/lib/system/libsystem_malloc.dylib
0x0000000011d9e000 	/usr/lib/system/libsystem_network.dylib
0x0000000011d9e000 	/usr/lib/system/libsystem_networkextension.dylib
0x0000000011d9e000 	/usr/lib/system/libsystem_notify.dylib
0x0000000011d9e000 	/usr/lib/system/libsystem_sandbox.dylib
0x0000000011d9e000 	/usr/lib/system/libsystem_secinit.dylib
0x0000000011d9e000 	/usr/lib/system/libsystem_kernel.dylib
0x0000000011d9e000 	/usr/lib/system/libsystem_platform.dylib
0x0000000011d9e000 	/usr/lib/system/libsystem_pthread.dylib
0x0000000011d9e000 	/usr/lib/system/libsystem_symptoms.dylib
0x0000000011d9e000 	/usr/lib/system/libsystem_trace.dylib
0x0000000011d9e000 	/usr/lib/system/libunwind.dylib
0x0000000011d9e000 	/usr/lib/system/libxpc.dylib
0x0000000011d9e000 	/usr/lib/closure/libclosured.dylib
0x0000000011d9e000 	/usr/lib/libbsm.0.dylib
0x0000000011d9e000 	/usr/lib/system/libkxld.dylib
0x0000000011d9e000 	/usr/lib/libOpenScriptingUtil.dylib
0x0000000011d9e000 	/usr/lib/libcoretls.dylib
0x0000000011d9e000 	/usr/lib/libcoretls_cfhelpers.dylib
0x0000000011d9e000 	/usr/lib/libpam.2.dylib
0x0000000011d9e000 	/usr/lib/libsqlite3.dylib
0x0000000011d9e000 	/usr/lib/libxar.1.dylib
0x0000000011d9e000 	/usr/lib/libbz2.1.0.dylib
0x0000000011d9e000 	/usr/lib/liblzma.5.dylib
0x0000000011d9e000 	/usr/lib/libnetwork.dylib
0x0000000011d9e000 	/usr/lib/libapple_nghttp2.dylib
0x0000000011d9e000 	/usr/lib/libpcap.A.dylib
0x0000000011d9e000 	/usr/lib/libboringssl.dylib
0x0000000011d9e000 	/usr/lib/libusrtcp.dylib
0x0000000011d9e000 	/usr/lib/libapple_crypto.dylib
0x0000000011d9e000 	/System/Library/Frameworks/CoreServices.framework/Versions/A/Frameworks/FSEvents.framework/Versions/A/FSEvents
0x0000000011d9e000 	/System/Library/Frameworks/CoreServices.framework/Versions/A/Frameworks/CarbonCore.framework/Versions/A/CarbonCore
0x0000000011d9e000 	/System/Library/Frameworks/CoreServices.framework/Versions/A/Frameworks/Metadata.framework/Versions/A/Metadata
0x0000000011d9e000 	/System/Library/Frameworks/CoreServices.framework/Versions/A/Frameworks/OSServices.framework/Versions/A/OSServices
0x0000000011d9e000 	/System/Library/Frameworks/CoreServices.framework/Versions/A/Frameworks/SearchKit.framework/Versions/A/SearchKit
0x0000000011d9e000 	/System/Library/Frameworks/CoreServices.framework/Versions/A/Frameworks/AE.framework/Versions/A/AE
0x0000000011d9e000 	/System/Library/Frameworks/CoreServices.framework/Versions/A/Frameworks/LaunchServices.framework/Versions/A/LaunchServices
0x0000000011d9e000 	/System/Library/Frameworks/CoreServices.framework/Versions/A/Frameworks/DictionaryServices.framework/Versions/A/DictionaryServices
0x0000000011d9e000 	/System/Library/Frameworks/CoreServices.framework/Versions/A/Frameworks/SharedFileList.framework/Versions/A/SharedFileList
0x0000000011d9e000 	/System/Library/Frameworks/NetFS.framework/Versions/A/NetFS
0x0000000011d9e000 	/System/Library/PrivateFrameworks/NetAuth.framework/Versions/A/NetAuth
0x0000000011d9e000 	/System/Library/PrivateFrameworks/login.framework/Versions/A/Frameworks/loginsupport.framework/Versions/A/loginsupport
0x0000000011d9e000 	/System/Library/PrivateFrameworks/TCC.framework/Versions/A/TCC
0x0000000011d9e000 	/usr/lib/libmecabra.dylib
0x0000000011d9e000 	/System/Library/Frameworks/ApplicationServices.framework/Versions/A/Frameworks/ATS.framework/Versions/A/ATS
0x0000000011d9e000 	/System/Library/Frameworks/ApplicationServices.framework/Versions/A/Frameworks/ColorSyncLegacy.framework/Versions/A/ColorSyncLegacy
0x0000000011d9e000 	/System/Library/Frameworks/ApplicationServices.framework/Versions/A/Frameworks/HIServices.framework/Versions/A/HIServices
0x0000000011d9e000 	/System/Library/Frameworks/ApplicationServices.framework/Versions/A/Frameworks/LangAnalysis.framework/Versions/A/LangAnalysis
0x0000000011d9e000 	/System/Library/Frameworks/ApplicationServices.framework/Versions/A/Frameworks/PrintCore.framework/Versions/A/PrintCore
0x0000000011d9e000 	/System/Library/Frameworks/ApplicationServices.framework/Versions/A/Frameworks/QD.framework/Versions/A/QD
0x0000000011d9e000 	/System/Library/Frameworks/ApplicationServices.framework/Versions/A/Frameworks/SpeechSynthesis.framework/Versions/A/SpeechSynthesis
0x0000000011d9e000 	/System/Library/Frameworks/CoreDisplay.framework/Versions/A/CoreDisplay
0x0000000011d9e000 	/System/Library/Frameworks/Accelerate.framework/Versions/A/Frameworks/vImage.framework/Versions/A/vImage
0x0000000011d9e000 	/System/Library/Frameworks/Accelerate.framework/Versions/A/Frameworks/vecLib.framework/Versions/A/vecLib
0x0000000011d9e000 	/System/Library/Frameworks/Accelerate.framework/Versions/A/Frameworks/vecLib.framework/Versions/A/libvDSP.dylib
0x0000000011d9e000 	/System/Library/Frameworks/Accelerate.framework/Versions/A/Frameworks/vecLib.framework/Versions/A/libBNNS.dylib
0x0000000011d9e000 	/System/Library/Frameworks/Accelerate.framework/Versions/A/Frameworks/vecLib.framework/Versions/A/libQuadrature.dylib
0x0000000011d9e000 	/System/Library/Frameworks/Accelerate.framework/Versions/A/Frameworks/vecLib.framework/Versions/A/libvMisc.dylib
0x0000000011d9e000 	/System/Library/Frameworks/Accelerate.framework/Versions/A/Frameworks/vecLib.framework/Versions/A/libLAPACK.dylib
0x0000000011d9e000 	/System/Library/Frameworks/Accelerate.framework/Versions/A/Frameworks/vecLib.framework/Versions/A/libBLAS.dylib
0x0000000011d9e000 	/System/Library/Frameworks/Accelerate.framework/Versions/A/Frameworks/vecLib.framework/Versions/A/libLinearAlgebra.dylib
0x0000000011d9e000 	/System/Library/Frameworks/Accelerate.framework/Versions/A/Frameworks/vecLib.framework/Versions/A/libSparse.dylib
0x0000000011d9e000 	/System/Library/Frameworks/Accelerate.framework/Versions/A/Frameworks/vecLib.framework/Versions/A/libSparseBLAS.dylib
0x0000000011d9e000 	/System/Library/PrivateFrameworks/GPUWrangler.framework/Versions/A/GPUWrangler
0x0000000011d9e000 	/System/Library/PrivateFrameworks/IOAccelerator.framework/Versions/A/IOAccelerator
0x0000000011d9e000 	/System/Library/PrivateFrameworks/IOPresentment.framework/Versions/A/IOPresentment
0x0000000011d9e000 	/System/Library/PrivateFrameworks/DSExternalDisplay.framework/Versions/A/DSExternalDisplay
0x0000000011d9e000 	/System/Library/Frameworks/OpenGL.framework/Versions/A/Libraries/libCoreFSCache.dylib
0x0000000011d9e000 	/System/Library/Frameworks/CoreVideo.framework/Versions/A/CoreVideo
0x0000000011d9e000 	/System/Library/PrivateFrameworks/GraphVisualizer.framework/Versions/A/GraphVisualizer
0x0000000011d9e000 	/System/Library/Frameworks/MetalPerformanceShaders.framework/Versions/A/MetalPerformanceShaders
0x0000000011d9e000 	/usr/lib/libFosl_dynamic.dylib
0x0000000011d9e000 	/System/Library/PrivateFrameworks/FaceCore.framework/Versions/A/FaceCore
0x0000000011d9e000 	/System/Library/Frameworks/OpenCL.framework/Versions/A/OpenCL
0x0000000011d9e000 	/usr/lib/libcompression.dylib
0x0000000011d9e000 	/System/Library/Frameworks/ApplicationServices.framework/Versions/A/Frameworks/ATS.framework/Versions/A/Resources/libFontParser.dylib
0x0000000011d9e000 	/System/Library/Frameworks/ApplicationServices.framework/Versions/A/Frameworks/ATS.framework/Versions/A/Resources/libFontRegistry.dylib
0x0000000011d9e000 	/System/Library/Frameworks/ImageIO.framework/Versions/A/Resources/libJPEG.dylib
0x0000000011d9e000 	/System/Library/Frameworks/ImageIO.framework/Versions/A/Resources/libTIFF.dylib
0x0000000011d9e000 	/System/Library/Frameworks/ImageIO.framework/Versions/A/Resources/libPng.dylib
0x0000000011d9e000 	/System/Library/Frameworks/ImageIO.framework/Versions/A/Resources/libGIF.dylib
0x0000000011d9e000 	/System/Library/Frameworks/ImageIO.framework/Versions/A/Resources/libJP2.dylib
0x0000000011d9e000 	/System/Library/Frameworks/ImageIO.framework/Versions/A/Resources/libRadiance.dylib
0x0000000011d9e000 	/System/Library/PrivateFrameworks/AppleJPEG.framework/Versions/A/AppleJPEG
0x0000000011d9e000 	/System/Library/Frameworks/MetalPerformanceShaders.framework/Frameworks/MPSCore.framework/Versions/A/MPSCore
0x0000000011d9e000 	/System/Library/Frameworks/MetalPerformanceShaders.framework/Frameworks/MPSImage.framework/Versions/A/MPSImage
0x0000000011d9e000 	/System/Library/Frameworks/MetalPerformanceShaders.framework/Frameworks/MPSNeuralNetwork.framework/Versions/A/MPSNeuralNetwork
0x0000000011d9e000 	/System/Library/Frameworks/MetalPerformanceShaders.framework/Frameworks/MPSMatrix.framework/Versions/A/MPSMatrix
0x0000000011d9e000 	/System/Library/PrivateFrameworks/MetalTools.framework/Versions/A/MetalTools
0x0000000011d9e000 	/System/Library/Frameworks/OpenGL.framework/Versions/A/Libraries/libGLU.dylib
0x0000000011d9e000 	/System/Library/Frameworks/OpenGL.framework/Versions/A/Libraries/libGFXShared.dylib
0x0000000011d9e000 	/System/Library/Frameworks/OpenGL.framework/Versions/A/Libraries/libGL.dylib
0x0000000011d9e000 	/System/Library/Frameworks/OpenGL.framework/Versions/A/Libraries/libGLImage.dylib
0x0000000011d9e000 	/System/Library/Frameworks/OpenGL.framework/Versions/A/Libraries/libCVMSPluginSupport.dylib
0x0000000011d9e000 	/System/Library/Frameworks/OpenGL.framework/Versions/A/Libraries/libCoreVMClient.dylib
0x0000000011d9e000 	/usr/lib/libcups.2.dylib
0x0000000011d9e000 	/System/Library/Frameworks/Kerberos.framework/Versions/A/Kerberos
0x0000000011d9e000 	/System/Library/Frameworks/GSS.framework/Versions/A/GSS
0x0000000011d9e000 	/usr/lib/libresolv.9.dylib
0x0000000011d9e000 	/usr/lib/libiconv.2.dylib
0x0000000011d9e000 	/System/Library/PrivateFrameworks/Heimdal.framework/Versions/A/Heimdal
0x0000000011d9e000 	/usr/lib/libheimdal-asn1.dylib
0x0000000011d9e000 	/System/Library/Frameworks/OpenDirectory.framework/Versions/A/OpenDirectory
0x0000000011d9e000 	/System/Library/PrivateFrameworks/CommonAuth.framework/Versions/A/CommonAuth
0x0000000011d9e000 	/System/Library/Frameworks/OpenDirectory.framework/Versions/A/Frameworks/CFOpenDirectory.framework/Versions/A/CFOpenDirectory
0x0000000011d9e000 	/System/Library/Frameworks/SecurityFoundation.framework/Versions/A/SecurityFoundation
0x0000000011d9e000 	/System/Library/PrivateFrameworks/APFS.framework/Versions/A/APFS
0x0000000011d9e000 	/usr/lib/libutil.dylib
0x0000000011d9e000 	/System/Library/PrivateFrameworks/AppleSauce.framework/Versions/A/AppleSauce
0x0000000011d9e000 	/System/Library/PrivateFrameworks/LinguisticData.framework/Versions/A/LinguisticData
0x0000000011d9e000 	/usr/lib/libmarisa.dylib
0x0000000011d9e000 	/System/Library/PrivateFrameworks/Lexicon.framework/Versions/A/Lexicon
0x0000000011d9e000 	/usr/lib/libChineseTokenizer.dylib
0x0000000011d9e000 	/usr/lib/libcmph.dylib
0x0000000011d9e000 	/System/Library/PrivateFrameworks/LanguageModeling.framework/Versions/A/LanguageModeling
0x0000000011d9e000 	/System/Library/PrivateFrameworks/CoreEmoji.framework/Versions/A/CoreEmoji
0x0000000011d9e000 	/System/Library/Frameworks/ServiceManagement.framework/Versions/A/ServiceManagement
0x0000000011d9e000 	/System/Library/PrivateFrameworks/BackgroundTaskManagement.framework/Versions/A/BackgroundTaskManagement
0x0000000011d9e000 	/usr/lib/libxslt.1.dylib
0x0000000011d9e000 	/System/Library/Frameworks/Carbon.framework/Versions/A/Frameworks/Ink.framework/Versions/A/Ink
0x0000000011d9e000 	/System/Library/PrivateFrameworks/TextureIO.framework/Versions/A/TextureIO
0x0000000011d9e000 	/usr/lib/libate.dylib
0x0000000011d9e000 	/System/Library/PrivateFrameworks/CrashReporterSupport.framework/Versions/A/CrashReporterSupport
0x0000000011d9e000 	/System/Library/PrivateFrameworks/Sharing.framework/Versions/A/Sharing
0x0000000011d9e000 	/System/Library/PrivateFrameworks/IconServices.framework/Versions/A/IconServices
0x0000000011d9e000 	/System/Library/PrivateFrameworks/AuthKit.framework/Versions/A/AuthKit
0x0000000011d9e000 	/System/Library/PrivateFrameworks/Apple80211.framework/Versions/A/Apple80211
0x0000000011d9e000 	/System/Library/PrivateFrameworks/CoreUtils.framework/Versions/A/CoreUtils
0x0000000011d9e000 	/System/Library/Frameworks/CoreWLAN.framework/Versions/A/CoreWLAN
0x0000000011d9e000 	/System/Library/Frameworks/IOBluetooth.framework/Versions/A/IOBluetooth
0x0000000011d9e000 	/System/Library/PrivateFrameworks/ProtocolBuffer.framework/Versions/A/ProtocolBuffer
0x0000000011d9e000 	/System/Library/PrivateFrameworks/MobileKeyBag.framework/Versions/A/MobileKeyBag
0x0000000011d9e000 	/System/Library/PrivateFrameworks/CorePhoneNumbers.framework/Versions/A/CorePhoneNumbers
0x0000000011d9e000 	/System/Library/PrivateFrameworks/AppleIDAuthSupport.framework/Versions/A/AppleIDAuthSupport
0x0000000011d9e000 	/System/Library/PrivateFrameworks/KeychainCircle.framework/Versions/A/KeychainCircle
0x0000000011d9e000 	/System/Library/PrivateFrameworks/CoreWiFi.framework/Versions/A/CoreWiFi
0x0000000011d9e000 	/System/Library/Frameworks/CoreBluetooth.framework/Versions/A/CoreBluetooth
0x0000000011d9e000 	/System/Library/PrivateFrameworks/DebugSymbols.framework/Versions/A/DebugSymbols
0x0000000011d9e000 	/System/Library/PrivateFrameworks/CoreSymbolication.framework/Versions/A/CoreSymbolication
0x0000000011d9e000 	/System/Library/PrivateFrameworks/Symbolication.framework/Versions/A/Symbolication
0x0000000011d9e000 	/System/Library/PrivateFrameworks/AppleFSCompression.framework/Versions/A/AppleFSCompression
0x0000000011d9e000 	/System/Library/PrivateFrameworks/SpeechRecognitionCore.framework/Versions/A/SpeechRecognitionCore
0x0000000109800000 	/Library/Java/JavaVirtualMachines/jdk1.8.0_152.jdk/Contents/Home/jre/lib/server/libjvm.dylib
0x0000000011d9e000 	/usr/lib/libstdc++.6.0.9.dylib
0x000000010876a000 	/Library/Java/JavaVirtualMachines/jdk1.8.0_152.jdk/Contents/Home/jre/lib/libverify.dylib
0x0000000108778000 	/Library/Java/JavaVirtualMachines/jdk1.8.0_152.jdk/Contents/Home/jre/lib/libjava.dylib
0x00000001087af000 	/Library/Java/JavaVirtualMachines/jdk1.8.0_152.jdk/Contents/Home/jre/lib/libjdwp.dylib
0x00000001087fa000 	/Library/Java/JavaVirtualMachines/jdk1.8.0_152.jdk/Contents/Home/jre/lib/libnpt.dylib
0x000000010a7ac000 	/Library/Java/JavaVirtualMachines/jdk1.8.0_152.jdk/Contents/Home/jre/lib/libinstrument.dylib
0x000000010a848000 	/Library/Java/JavaVirtualMachines/jdk1.8.0_152.jdk/Contents/Home/jre/lib/libzip.dylib
0x000000010e24f000 	/Library/Java/JavaVirtualMachines/jdk1.8.0_152.jdk/Contents/Home/jre/lib/libdt_socket.dylib
0x0000000120445000 	/Library/Java/JavaVirtualMachines/jdk1.8.0_152.jdk/Contents/Home/jre/lib/libmanagement.dylib
0x0000000120bdb000 	/Library/Java/JavaVirtualMachines/jdk1.8.0_152.jdk/Contents/Home/jre/lib/libnet.dylib
0x0000000120bf2000 	/Library/Java/JavaVirtualMachines/jdk1.8.0_152.jdk/Contents/Home/jre/lib/libnio.dylib
0x00000001202b7000 	/private/var/folders/bh/gpqjj20x3q113mmwmnvs52280000gp/T/jna-106100674/jna5729481792110835094.tmp
0x0000000011d9e000 	/System/Library/Frameworks/JavaVM.framework/Versions/A/JavaVM
0x0000000011d9e000 	/System/Library/PrivateFrameworks/JavaLaunching.framework/Versions/A/JavaLaunching
0x0000000011d9e000 	/System/Library/Frameworks/Carbon.framework/Versions/A/Carbon
0x0000000011d9e000 	/System/Library/Frameworks/Carbon.framework/Versions/A/Frameworks/CommonPanels.framework/Versions/A/CommonPanels
0x0000000011d9e000 	/System/Library/Frameworks/Carbon.framework/Versions/A/Frameworks/Help.framework/Versions/A/Help
0x0000000011d9e000 	/System/Library/Frameworks/Carbon.framework/Versions/A/Frameworks/ImageCapture.framework/Versions/A/ImageCapture
0x0000000011d9e000 	/System/Library/Frameworks/Carbon.framework/Versions/A/Frameworks/OpenScripting.framework/Versions/A/OpenScripting
0x0000000011d9e000 	/System/Library/Frameworks/Carbon.framework/Versions/A/Frameworks/Print.framework/Versions/A/Print
0x0000000011d9e000 	/System/Library/Frameworks/Carbon.framework/Versions/A/Frameworks/SecurityHI.framework/Versions/A/SecurityHI

VM Arguments:
jvm_args: -agentlib:jdwp=transport=dt_socket,suspend=y,address=localhost:53426 -Xms200m -Xmx900m -Xss4M -ea -Dcom.sun.org.apache.xml.internal.dtm.DTMManager=com.sun.org.apache.xml.internal.dtm.ref.DTMManagerDefault -Dorg.apache.xml.dtm.DTMManager=org.apache.xml.dtm.ref.DTMManagerDefault -XX:ParallelGCThreads=6 -XX:+UseParNewGC -XX:+UseConcMarkSweepGC -XX:CMSInitiatingOccupancyFraction=70 -XX:+UseCMSInitiatingOccupancyOnly -javaagent:/Applications/eclipse-jade-3/Eclipse.app/Contents/Eclipse/configuration/org.eclipse.osgi/350/0/.cp/lib/javaagent-shaded.jar -Dfile.encoding=UTF-8 
java_command: cc.alcina.framework.classmeta.ClassMetaServer
java_class_path (initial): /Library/Java/JavaVirtualMachines/jdk1.8.0_152.jdk/Contents/Home/jre/lib/resources.jar:/Library/Java/JavaVirtualMachines/jdk1.8.0_152.jdk/Contents/Home/jre/lib/rt.jar:/Library/Java/JavaVirtualMachines/jdk1.8.0_152.jdk/Contents/Home/jre/lib/jsse.jar:/Library/Java/JavaVirtualMachines/jdk1.8.0_152.jdk/Contents/Home/jre/lib/jce.jar:/Library/Java/JavaVirtualMachines/jdk1.8.0_152.jdk/Contents/Home/jre/lib/charsets.jar:/Library/Java/JavaVirtualMachines/jdk1.8.0_152.jdk/Contents/Home/jre/lib/jfr.jar:/Library/Java/JavaVirtualMachines/jdk1.8.0_152.jdk/Contents/Home/jre/lib/ext/sunec.jar:/Library/Java/JavaVirtualMachines/jdk1.8.0_152.jdk/Contents/Home/jre/lib/ext/nashorn.jar:/Library/Java/JavaVirtualMachines/jdk1.8.0_152.jdk/Contents/Home/jre/lib/ext/cldrdata.jar:/Library/Java/JavaVirtualMachines/jdk1.8.0_152.jdk/Contents/Home/jre/lib/ext/jfxrt.jar:/Library/Java/JavaVirtualMachines/jdk1.8.0_152.jdk/Contents/Home/jre/lib/ext/dnsns.jar:/Library/Java/JavaVirtualMachines/jdk1.8.0_152.jdk/Contents/Home/jre/lib/ext/localedata.jar:/Library/Java/JavaVirtualMachines/jdk1.8.0_152.jdk/Contents/Home/jre/lib/ext/sunjce_provider.jar:/Library/Java/JavaVirtualMachines/jdk1.8.0_152.jdk/Contents/Home/jre/lib/ext/sunpkcs11.jar:/Library/Java/JavaVirtualMachines/jdk1.8.0_152.jdk/Contents/Home/jre/lib/ext/jaccess.jar:/Library/Java/JavaVirtualMachines/jdk1.8.0_152.jdk/Contents/Home/jre/lib/ext/zipfs.jar:/System/Library/Java/Extensions/MRJToolkit.jar:/private/var/local/git/alcina/lib/framework/entity/xalan-2.7.2.jar:/private/var/local/git/alcina/lib/framework/entity/commons-lang-2.5.jar:/private/var/local/git/alcina/framework/extras/rpc/client/build:/private/var/local/git/alcina/framework/extras/rpc/servlet/build:/private/var/local/git/alcina/framework/clientreflectorjvm/build:/private/var/local/git/alcina/framework/jvmclient/build:/private/var/local/git/alcina/extras/jsdom/build:/private/var/local/git/alcina/extras/jsdom/build-element:/private/var/local/git/alcina/bin:/p
Launcher Type: SUN_STANDARD

Environment Variables:
PATH=/usr/bin:/bin:/usr/sbin:/sbin
SHELL=/bin/bash
DISPLAY=/private/tmp/com.apple.launchd.GQxmmFucc9/org.macosforge.xquartz:0

Signal Handlers:
SIGSEGV: [libjvm.dylib+0x5b494d], sa_mask[0]=11111111011111110111111111111111, sa_flags=SA_ONSTACK|SA_RESTART|SA_SIGINFO
SIGBUS: [libjvm.dylib+0x5b494d], sa_mask[0]=11111111011111110111111111111111, sa_flags=SA_RESTART|SA_SIGINFO
SIGFPE: [libjvm.dylib+0x48ab54], sa_mask[0]=11111111011111110111111111111111, sa_flags=SA_RESTART|SA_SIGINFO
SIGPIPE: [libjvm.dylib+0x48ab54], sa_mask[0]=11111111011111110111111111111111, sa_flags=SA_RESTART|SA_SIGINFO
SIGXFSZ: [libjvm.dylib+0x48ab54], sa_mask[0]=11111111011111110111111111111111, sa_flags=SA_RESTART|SA_SIGINFO
SIGILL: [libjvm.dylib+0x48ab54], sa_mask[0]=11111111011111110111111111111111, sa_flags=SA_RESTART|SA_SIGINFO
SIGUSR1: SIG_DFL, sa_mask[0]=00000000000000000000000000000000, sa_flags=none
SIGUSR2: [libjvm.dylib+0x48a672], sa_mask[0]=00100000000000000000000000000000, sa_flags=SA_RESTART|SA_SIGINFO
SIGHUP: [libjvm.dylib+0x488c49], sa_mask[0]=11111111011111110111111111111111, sa_flags=SA_RESTART|SA_SIGINFO
SIGINT: [libjvm.dylib+0x488c49], sa_mask[0]=11111111011111110111111111111111, sa_flags=SA_RESTART|SA_SIGINFO
SIGTERM: [libjvm.dylib+0x488c49], sa_mask[0]=11111111011111110111111111111111, sa_flags=SA_RESTART|SA_SIGINFO
SIGQUIT: [libjvm.dylib+0x488c49], sa_mask[0]=11111111011111110111111111111111, sa_flags=SA_RESTART|SA_SIGINFO


---------------  S Y S T E M  ---------------

OS:Bsduname:Darwin 17.7.0 Darwin Kernel Version 17.7.0: Thu Jun 21 22:53:14 PDT 2018; root:xnu-4570.71.2~1/RELEASE_X86_64 x86_64
rlimit: STACK 8192k, CORE 0k, NPROC 1418, NOFILE 10240, AS infinity
load average:2.86 3.26 3.25

CPU:total 8 (initial active 8) (4 cores per cpu, 2 threads per core) family 6 model 94 stepping 3, cmov, cx8, fxsr, mmx, sse, sse2, sse3, ssse3, sse4.1, sse4.2, popcnt, avx, avx2, aes, clmul, erms, rtm, 3dnowpref, lzcnt, ht, tsc, tscinvbit, bmi1, bmi2, adx

Memory: 4k page, physical 16777216k(34588k free)

/proc/meminfo:


vm_info: Java HotSpot(TM) 64-Bit Server VM (25.152-b16) for bsd-amd64 JRE (1.8.0_152-b16), built on Sep 14 2017 02:31:13 by "java_re" with gcc 4.2.1 (Based on Apple Inc. build 5658) (LLVM build 2336.11.00)

time: Tue Nov  6 13:55:43 2018
elapsed time: 10029 seconds (0d 2h 47m 9s)

