#
# A fatal error has been detected by the Java Runtime Environment:
#
#  SIGBUS (0xa) at pc=0x0000000104723e92, pid=54723, tid=0x0000000000006303
#
# JRE version: Java(TM) SE Runtime Environment (8.0_152-b16) (build 1.8.0_152-b16)
# Java VM: Java HotSpot(TM) 64-Bit Server VM (25.152-b16 mixed mode bsd-amd64 compressed oops)
# Problematic frame:
# C  [libzip.dylib+0x2e92]  newEntry+0x154
#
# Failed to write core dump. Core dumps have been disabled. To enable core dumping, try "ulimit -c unlimited" before starting Java again
#
# If you would like to submit a bug report, please visit:
#   http://bugreport.java.com/bugreport/crash.jsp
# The crash happened outside the Java Virtual Machine in native code.
# See problematic frame for where to report the bug.
#

---------------  T H R E A D  ---------------

Current thread (0x00007ffb19020800):  JavaThread "qtp1454031203-24" [_thread_in_native, id=25347, stack(0x0000700010df7000,0x00007000111f7000)]

siginfo: si_signo: 10 (SIGBUS), si_code: 2 (BUS_ADRERR), si_addr: 0x000000011c1e5574

Registers:
RAX=0x00007ffb88d128e0, RBX=0x000000011c1e5568, RCX=0x0000000000000000, RDX=0x0000000000004000
RSP=0x00007000111f3cd0, RBP=0x00007000111f3d30, RSI=0x00000000b88d920e, RDI=0x0000000000000921
R8 =0x00000000b88d920a, R9 =0x00000000ffffc3ff, R10=0x00007ffb88d00000, R11=0x00006ff90ac48f96
R12=0x00007ffb60000000, R13=0x000000000000acf0, R14=0x000000003967317e, R15=0x00007ffb8a806a90
RIP=0x0000000104723e92, EFLAGS=0x0000000000010202, ERR=0x0000000000000004
  TRAPNO=0x000000000000000e

Top of Stack: (sp=0x00007000111f3cd0)
0x00007000111f3cd0:   00007ffb8a801ba0 0000000007df2c20
0x00007000111f3ce0:   0100000000000006 00007000111f3e80
0x00007000111f3cf0:   00007000111f3d10 00007ffb88d128e0
0x00007000111f3d00:   00007ffb88d92090 00007ffb88d128e0
0x00007000111f3d10:   00007ffb60000000 000000000000acf0
0x00007000111f3d20:   000000003967317e 00007ffb8a806a90
0x00007000111f3d30:   00007000111f3d90 000000010472452d
0x00007000111f3d40:   00007000111f3ddd 00007000111f3ddc
0x00007000111f3d50:   0000002d00000000 0000002e01020800
0x00007000111f3d60:   00007000111f3dae 00007000111f41f8
0x00007000111f3d70:   000000000000002e 00007000111f3dae
0x00007000111f3d80:   00007ffb88d128e0 00007ffb190209f8
0x00007000111f3d90:   00007000111f41e0 0000000104723238
0x00007000111f3da0:   0000000000000000 6f63700000000001
0x00007000111f3db0:   656c676f6f672f6d 726f632f7477672f
0x00007000111f3dc0:   746e65696c632f65 697263537477472f
0x00007000111f3dd0:   632e796c6e4f7470 000000007373616c
0x00007000111f3de0:   00007ffb19020800 000000011b9a7470
0x00007000111f3df0:   00007fffaa4ec000 000000011b9a7470
0x00007000111f3e00:   00007000111f3e30 000000011b9a7470
0x00007000111f3e10:   0000000107df2c20 00007000111f3f20
0x00007000111f3e20:   000000011b9a7470 00007000111f40d0
0x00007000111f3e30:   00007ffb19020800 00007000111f3f20
0x00007000111f3e40:   000000011b9a7470 00007000111f40d0
0x00007000111f3e50:   00007000111f3fc0 0000000107126a68
0x00007000111f3e60:   0000000000000003 00007ffb8a801ba0
0x00007000111f3e70:   00007ffb190209f8 00007000111f40d0
0x00007000111f3e80:   000000000000000c 00000007065aa0b0
0x00007000111f3e90:   0000000723b62b20 0000000106ff23ee
0x00007000111f3ea0:   0000000000000000 0000000000000000
0x00007000111f3eb0:   0000000000000000 0000000000000000
0x00007000111f3ec0:   0000000000000000 000000000001010a 

Instructions: (pc=0x0000000104723e92)
0x0000000104723e72:   49 8b 7f 38 e8 5b 1b 00 00 4d 89 77 38 49 89 5f
0x0000000104723e82:   40 4c 89 f0 48 85 c0 0f 84 11 05 00 00 48 89 c3
0x0000000104723e92:   0f b6 43 0c 0f b6 4b 0d 48 c1 e1 08 48 01 c1 0f
0x0000000104723ea2:   b6 43 0e 0f b6 53 0f 48 c1 e2 08 48 01 c2 48 c1 

Register to memory mapping:

RAX=0x00007ffb88d128e0 is an unknown value
RBX=0x000000011c1e5568 is an unknown value
RCX=0x0000000000000000 is an unknown value
RDX=0x0000000000004000 is an unknown value
RSP=0x00007000111f3cd0 is pointing into the stack for thread: 0x00007ffb19020800
RBP=0x00007000111f3d30 is pointing into the stack for thread: 0x00007ffb19020800
RSI=0x00000000b88d920e is an unknown value
RDI=0x0000000000000921 is an unknown value
R8 =0x00000000b88d920a is an unknown value
R9 =0x00000000ffffc3ff is an unknown value
R10=0x00007ffb88d00000 is an unknown value
R11=0x00006ff90ac48f96 is an unknown value
R12=0x00007ffb60000000 is an unknown value
R13=0x000000000000acf0 is an unknown value
R14=0x000000003967317e is an unknown value
R15=0x00007ffb8a806a90 is an unknown value


Stack: [0x0000700010df7000,0x00007000111f7000],  sp=0x00007000111f3cd0,  free space=4083k
Native frames: (J=compiled Java code, j=interpreted, Vv=VM code, C=native code)
C  [libzip.dylib+0x2e92]  newEntry+0x154
C  [libzip.dylib+0x352d]  ZIP_GetEntry2+0xd4
C  [libzip.dylib+0x2238]  Java_java_util_zip_ZipFile_getEntry+0xcf
J 93  java.util.zip.ZipFile.getEntry(J[BZ)J (0 bytes) @ 0x0000000107edff0e [0x0000000107edfe40+0xce]
J 865 C2 java.util.jar.JarFile.getEntry(Ljava/lang/String;)Ljava/util/zip/ZipEntry; (22 bytes) @ 0x000000010818116c [0x0000000108180da0+0x3cc]
J 1039 C2 sun.misc.URLClassPath$JarLoader.getResource(Ljava/lang/String;Z)Lsun/misc/Resource; (85 bytes) @ 0x00000001081fdb2c [0x00000001081fda60+0xcc]
J 1164 C2 sun.misc.URLClassPath.getResource(Ljava/lang/String;Z)Lsun/misc/Resource; (83 bytes) @ 0x00000001082a7028 [0x00000001082a6e80+0x1a8]
J 444 C1 java.net.URLClassLoader$1.run()Ljava/lang/Class; (63 bytes) @ 0x0000000108056e84 [0x0000000108056c60+0x224]
J 443 C1 java.net.URLClassLoader$1.run()Ljava/lang/Object; (5 bytes) @ 0x00000001080568d4 [0x0000000108056840+0x94]
v  ~StubRoutines::call_stub
V  [libjvm.dylib+0x2ef7b2]  JavaCalls::call_helper(JavaValue*, methodHandle*, JavaCallArguments*, Thread*)+0x6ae
V  [libjvm.dylib+0x34ff7c]  JVM_DoPrivileged+0x4b8
J 353  java.security.AccessController.doPrivileged(Ljava/security/PrivilegedExceptionAction;Ljava/security/AccessControlContext;)Ljava/lang/Object; (0 bytes) @ 0x0000000107ff1715 [0x0000000107ff1640+0xd5]
J 370 C1 java.net.URLClassLoader.findClass(Ljava/lang/String;)Ljava/lang/Class; (47 bytes) @ 0x0000000108011c7c [0x0000000108011ae0+0x19c]
j  java.lang.ClassLoader.loadClass(Ljava/lang/String;Z)Ljava/lang/Class;+70
J 398 C1 sun.misc.Launcher$AppClassLoader.loadClass(Ljava/lang/String;Z)Ljava/lang/Class; (85 bytes) @ 0x000000010801cdec [0x000000010801c420+0x9cc]
J 397 C1 java.lang.ClassLoader.loadClass(Ljava/lang/String;)Ljava/lang/Class; (7 bytes) @ 0x000000010801c01c [0x000000010801bf00+0x11c]
v  ~StubRoutines::call_stub
V  [libjvm.dylib+0x2ef7b2]  JavaCalls::call_helper(JavaValue*, methodHandle*, JavaCallArguments*, Thread*)+0x6ae
V  [libjvm.dylib+0x2eff56]  JavaCalls::call_virtual(JavaValue*, KlassHandle, Symbol*, Symbol*, JavaCallArguments*, Thread*)+0x164
V  [libjvm.dylib+0x2f00ae]  JavaCalls::call_virtual(JavaValue*, Handle, KlassHandle, Symbol*, Symbol*, Handle, Thread*)+0x56
V  [libjvm.dylib+0x53f546]  SystemDictionary::load_instance_class(Symbol*, Handle, Thread*)+0x2d8
V  [libjvm.dylib+0x53ed0e]  SystemDictionary::resolve_instance_class_or_null(Symbol*, Handle, Handle, Thread*)+0x484
V  [libjvm.dylib+0x53f762]  SystemDictionary::resolve_or_null(Symbol*, Handle, Handle, Thread*)+0x106
V  [libjvm.dylib+0x53fe15]  SystemDictionary::resolve_or_fail(Symbol*, Handle, Handle, bool, Thread*)+0x31
V  [libjvm.dylib+0x347d11]  find_class_from_class_loader(JNIEnv_*, Symbol*, unsigned char, Handle, Handle, unsigned char, Thread*)+0x30
V  [libjvm.dylib+0x352248]  JVM_FindClassFromCaller+0x135
C  [libjava.dylib+0x195a]  Java_java_lang_Class_forName0+0x13f
J 2366  java.lang.Class.forName0(Ljava/lang/String;ZLjava/lang/ClassLoader;Ljava/lang/Class;)Ljava/lang/Class; (0 bytes) @ 0x000000010819ea34 [0x000000010819e940+0xf4]
j  java.lang.Class.forName(Ljava/lang/String;ZLjava/lang/ClassLoader;)Ljava/lang/Class;+49
j  javassist.bytecode.annotation.MemberValue.loadClass(Ljava/lang/ClassLoader;Ljava/lang/String;)Ljava/lang/Class;+6
j  javassist.bytecode.annotation.Annotation.toAnnotationType(Ljava/lang/ClassLoader;Ljavassist/ClassPool;)Ljava/lang/Object;+6
j  javassist.CtClassType.toAnnoType(Ljavassist/bytecode/annotation/Annotation;Ljavassist/ClassPool;)Ljava/lang/Object;+8
j  javassist.CtClassType.toAnnotationType(ZLjavassist/ClassPool;Ljavassist/bytecode/AnnotationsAttribute;Ljavassist/bytecode/AnnotationsAttribute;)[Ljava/lang/Object;+82
j  javassist.CtClassType.getAnnotations(Z)[Ljava/lang/Object;+36
j  javassist.CtClassType.getAnnotations()[Ljava/lang/Object;+2
j  cc.alcina.framework.classmeta.PersistenceDeltaScanner.process(Ljava/lang/Class;Ljava/lang/String;Lcc/alcina/framework/entity/registry/ClassMetadata;)Lcc/alcina/framework/classmeta/ClassPersistenceScanData$ClassPersistenceScannedClass;+119
j  cc.alcina.framework.classmeta.PersistenceDeltaScanner.process(Ljava/lang/Class;Ljava/lang/String;Lcc/alcina/framework/entity/registry/ClassMetadata;)Lcc/alcina/framework/entity/registry/ClassMetadata;+4
j  cc.alcina.framework.entity.registry.CachingScanner.scan(Lcc/alcina/framework/entity/registry/ClassMetadataCache;Ljava/lang/String;)V+177
j  cc.alcina.framework.classmeta.PersistenceDeltaScanner.scan(Lcc/alcina/framework/entity/registry/ClassMetadataCache;Ljava/lang/String;)V+3
j  cc.alcina.framework.classmeta.ClassPersistenceScanHandler.calculate(Lcc/alcina/framework/classmeta/ClassPersistenceScanSchema;)Lcc/alcina/framework/classmeta/ClassPersistenceScanData;+95
j  cc.alcina.framework.classmeta.ClassPersistenceScanHandler.handle0(Ljava/lang/String;Lorg/eclipse/jetty/server/Request;Ljavax/servlet/http/HttpServletResponse;)V+49
j  cc.alcina.framework.classmeta.ClassPersistenceScanHandler.lambda$0(Ljava/lang/String;Lorg/eclipse/jetty/server/Request;Ljavax/servlet/http/HttpServletResponse;)Ljava/lang/Object;+4
j  cc.alcina.framework.classmeta.ClassPersistenceScanHandler$$Lambda$61.get()Ljava/lang/Object;+16
j  cc.alcina.framework.common.client.util.LooseContext.runWithKeyValue(Ljava/lang/String;Ljava/lang/Object;Lcc/alcina/framework/common/client/util/ThrowingSupplier;)Ljava/lang/Object;+6
j  cc.alcina.framework.classmeta.ClassPersistenceScanHandler.handle(Ljava/lang/String;Lorg/eclipse/jetty/server/Request;Ljavax/servlet/http/HttpServletRequest;Ljavax/servlet/http/HttpServletResponse;)V+17
j  org.eclipse.jetty.server.handler.ContextHandler.doHandle(Ljava/lang/String;Lorg/eclipse/jetty/server/Request;Ljavax/servlet/http/HttpServletRequest;Ljavax/servlet/http/HttpServletResponse;)V+371
j  org.eclipse.jetty.server.handler.ContextHandler.doScope(Ljava/lang/String;Lorg/eclipse/jetty/server/Request;Ljavax/servlet/http/HttpServletRequest;Ljavax/servlet/http/HttpServletResponse;)V+474
j  org.eclipse.jetty.server.handler.ScopedHandler.handle(Ljava/lang/String;Lorg/eclipse/jetty/server/Request;Ljavax/servlet/http/HttpServletRequest;Ljavax/servlet/http/HttpServletResponse;)V+20
j  org.eclipse.jetty.server.handler.HandlerCollection.handle(Ljava/lang/String;Lorg/eclipse/jetty/server/Request;Ljavax/servlet/http/HttpServletRequest;Ljavax/servlet/http/HttpServletResponse;)V+42
j  org.eclipse.jetty.server.handler.HandlerWrapper.handle(Ljava/lang/String;Lorg/eclipse/jetty/server/Request;Ljavax/servlet/http/HttpServletRequest;Ljavax/servlet/http/HttpServletResponse;)V+23
j  org.eclipse.jetty.server.Server.handle(Lorg/eclipse/jetty/server/HttpChannel;)V+168
j  org.eclipse.jetty.server.HttpChannel.handle()Z+305
j  org.eclipse.jetty.server.HttpConnection.onFillable()V+191
j  org.eclipse.jetty.io.AbstractConnection$2.run()V+4
j  org.eclipse.jetty.util.thread.QueuedThreadPool.runJob(Ljava/lang/Runnable;)V+1
j  org.eclipse.jetty.util.thread.QueuedThreadPool$3.run()V+75
j  java.lang.Thread.run()V+11
v  ~StubRoutines::call_stub
V  [libjvm.dylib+0x2ef7b2]  JavaCalls::call_helper(JavaValue*, methodHandle*, JavaCallArguments*, Thread*)+0x6ae
V  [libjvm.dylib+0x2eff56]  JavaCalls::call_virtual(JavaValue*, KlassHandle, Symbol*, Symbol*, JavaCallArguments*, Thread*)+0x164
V  [libjvm.dylib+0x2f0102]  JavaCalls::call_virtual(JavaValue*, Handle, KlassHandle, Symbol*, Symbol*, Thread*)+0x4a
V  [libjvm.dylib+0x34a8c5]  thread_entry(JavaThread*, Thread*)+0x7c
V  [libjvm.dylib+0x56e327]  JavaThread::thread_main_inner()+0x9b
V  [libjvm.dylib+0x56fa14]  JavaThread::run()+0x1c2
V  [libjvm.dylib+0x48d542]  java_start(Thread*)+0xf6
C  [libsystem_pthread.dylib+0x32eb]  _pthread_body+0x7e
C  [libsystem_pthread.dylib+0x6249]  _pthread_start+0x42
C  [libsystem_pthread.dylib+0x240d]  thread_start+0xd
C  0x0000000000000000

Java frames: (J=compiled Java code, j=interpreted, Vv=VM code)
J 93  java.util.zip.ZipFile.getEntry(J[BZ)J (0 bytes) @ 0x0000000107edfe98 [0x0000000107edfe40+0x58]
J 865 C2 java.util.jar.JarFile.getEntry(Ljava/lang/String;)Ljava/util/zip/ZipEntry; (22 bytes) @ 0x000000010818116c [0x0000000108180da0+0x3cc]
J 1039 C2 sun.misc.URLClassPath$JarLoader.getResource(Ljava/lang/String;Z)Lsun/misc/Resource; (85 bytes) @ 0x00000001081fdb2c [0x00000001081fda60+0xcc]
J 1164 C2 sun.misc.URLClassPath.getResource(Ljava/lang/String;Z)Lsun/misc/Resource; (83 bytes) @ 0x00000001082a7028 [0x00000001082a6e80+0x1a8]
J 444 C1 java.net.URLClassLoader$1.run()Ljava/lang/Class; (63 bytes) @ 0x0000000108056e84 [0x0000000108056c60+0x224]
J 443 C1 java.net.URLClassLoader$1.run()Ljava/lang/Object; (5 bytes) @ 0x00000001080568d4 [0x0000000108056840+0x94]
v  ~StubRoutines::call_stub
J 353  java.security.AccessController.doPrivileged(Ljava/security/PrivilegedExceptionAction;Ljava/security/AccessControlContext;)Ljava/lang/Object; (0 bytes) @ 0x0000000107ff16a3 [0x0000000107ff1640+0x63]
J 370 C1 java.net.URLClassLoader.findClass(Ljava/lang/String;)Ljava/lang/Class; (47 bytes) @ 0x0000000108011c7c [0x0000000108011ae0+0x19c]
j  java.lang.ClassLoader.loadClass(Ljava/lang/String;Z)Ljava/lang/Class;+70
J 398 C1 sun.misc.Launcher$AppClassLoader.loadClass(Ljava/lang/String;Z)Ljava/lang/Class; (85 bytes) @ 0x000000010801cdec [0x000000010801c420+0x9cc]
J 397 C1 java.lang.ClassLoader.loadClass(Ljava/lang/String;)Ljava/lang/Class; (7 bytes) @ 0x000000010801c01c [0x000000010801bf00+0x11c]
v  ~StubRoutines::call_stub
J 2366  java.lang.Class.forName0(Ljava/lang/String;ZLjava/lang/ClassLoader;Ljava/lang/Class;)Ljava/lang/Class; (0 bytes) @ 0x000000010819e9ba [0x000000010819e940+0x7a]
j  java.lang.Class.forName(Ljava/lang/String;ZLjava/lang/ClassLoader;)Ljava/lang/Class;+49
j  javassist.bytecode.annotation.MemberValue.loadClass(Ljava/lang/ClassLoader;Ljava/lang/String;)Ljava/lang/Class;+6
j  javassist.bytecode.annotation.Annotation.toAnnotationType(Ljava/lang/ClassLoader;Ljavassist/ClassPool;)Ljava/lang/Object;+6
j  javassist.CtClassType.toAnnoType(Ljavassist/bytecode/annotation/Annotation;Ljavassist/ClassPool;)Ljava/lang/Object;+8
j  javassist.CtClassType.toAnnotationType(ZLjavassist/ClassPool;Ljavassist/bytecode/AnnotationsAttribute;Ljavassist/bytecode/AnnotationsAttribute;)[Ljava/lang/Object;+82
j  javassist.CtClassType.getAnnotations(Z)[Ljava/lang/Object;+36
j  javassist.CtClassType.getAnnotations()[Ljava/lang/Object;+2
j  cc.alcina.framework.classmeta.PersistenceDeltaScanner.process(Ljava/lang/Class;Ljava/lang/String;Lcc/alcina/framework/entity/registry/ClassMetadata;)Lcc/alcina/framework/classmeta/ClassPersistenceScanData$ClassPersistenceScannedClass;+119
j  cc.alcina.framework.classmeta.PersistenceDeltaScanner.process(Ljava/lang/Class;Ljava/lang/String;Lcc/alcina/framework/entity/registry/ClassMetadata;)Lcc/alcina/framework/entity/registry/ClassMetadata;+4
j  cc.alcina.framework.entity.registry.CachingScanner.scan(Lcc/alcina/framework/entity/registry/ClassMetadataCache;Ljava/lang/String;)V+177
j  cc.alcina.framework.classmeta.PersistenceDeltaScanner.scan(Lcc/alcina/framework/entity/registry/ClassMetadataCache;Ljava/lang/String;)V+3
j  cc.alcina.framework.classmeta.ClassPersistenceScanHandler.calculate(Lcc/alcina/framework/classmeta/ClassPersistenceScanSchema;)Lcc/alcina/framework/classmeta/ClassPersistenceScanData;+95
j  cc.alcina.framework.classmeta.ClassPersistenceScanHandler.handle0(Ljava/lang/String;Lorg/eclipse/jetty/server/Request;Ljavax/servlet/http/HttpServletResponse;)V+49
j  cc.alcina.framework.classmeta.ClassPersistenceScanHandler.lambda$0(Ljava/lang/String;Lorg/eclipse/jetty/server/Request;Ljavax/servlet/http/HttpServletResponse;)Ljava/lang/Object;+4
j  cc.alcina.framework.classmeta.ClassPersistenceScanHandler$$Lambda$61.get()Ljava/lang/Object;+16
j  cc.alcina.framework.common.client.util.LooseContext.runWithKeyValue(Ljava/lang/String;Ljava/lang/Object;Lcc/alcina/framework/common/client/util/ThrowingSupplier;)Ljava/lang/Object;+6
j  cc.alcina.framework.classmeta.ClassPersistenceScanHandler.handle(Ljava/lang/String;Lorg/eclipse/jetty/server/Request;Ljavax/servlet/http/HttpServletRequest;Ljavax/servlet/http/HttpServletResponse;)V+17
j  org.eclipse.jetty.server.handler.ContextHandler.doHandle(Ljava/lang/String;Lorg/eclipse/jetty/server/Request;Ljavax/servlet/http/HttpServletRequest;Ljavax/servlet/http/HttpServletResponse;)V+371
j  org.eclipse.jetty.server.handler.ContextHandler.doScope(Ljava/lang/String;Lorg/eclipse/jetty/server/Request;Ljavax/servlet/http/HttpServletRequest;Ljavax/servlet/http/HttpServletResponse;)V+474
j  org.eclipse.jetty.server.handler.ScopedHandler.handle(Ljava/lang/String;Lorg/eclipse/jetty/server/Request;Ljavax/servlet/http/HttpServletRequest;Ljavax/servlet/http/HttpServletResponse;)V+20
j  org.eclipse.jetty.server.handler.HandlerCollection.handle(Ljava/lang/String;Lorg/eclipse/jetty/server/Request;Ljavax/servlet/http/HttpServletRequest;Ljavax/servlet/http/HttpServletResponse;)V+42
j  org.eclipse.jetty.server.handler.HandlerWrapper.handle(Ljava/lang/String;Lorg/eclipse/jetty/server/Request;Ljavax/servlet/http/HttpServletRequest;Ljavax/servlet/http/HttpServletResponse;)V+23
j  org.eclipse.jetty.server.Server.handle(Lorg/eclipse/jetty/server/HttpChannel;)V+168
j  org.eclipse.jetty.server.HttpChannel.handle()Z+305
j  org.eclipse.jetty.server.HttpConnection.onFillable()V+191
j  org.eclipse.jetty.io.AbstractConnection$2.run()V+4
j  org.eclipse.jetty.util.thread.QueuedThreadPool.runJob(Ljava/lang/Runnable;)V+1
j  org.eclipse.jetty.util.thread.QueuedThreadPool$3.run()V+75
j  java.lang.Thread.run()V+11
v  ~StubRoutines::call_stub

---------------  P R O C E S S  ---------------

Java Threads: ( => current thread )
  0x00007ffb190f4000 JavaThread "WatchService for /private/var/local/build/jade/dev/app0/deployments/jade_server.ear" daemon [_thread_in_native, id=129283, stack(0x000070001aa6c000,0x000070001ae6c000)]
  0x00007ffb691d3800 JavaThread "WatchService for /private/var/local/build/jade/dev/app0/deployments/jade_server.ear/lib" daemon [_thread_in_native, id=65283, stack(0x000070001a669000,0x000070001aa69000)]
  0x00007ffb59786800 JavaThread "WatchService for /private/var/local/build/jade/dev/app0/deployments/jade_server.ear/lib" daemon [_thread_in_native, id=65027, stack(0x000070001a266000,0x000070001a666000)]
  0x00007ffb69117800 JavaThread "Thread-123" [_thread_blocked, id=64515, stack(0x0000700019e63000,0x000070001a263000)]
  0x00007ffafbc4c800 JavaThread "Thread-122" [_thread_blocked, id=66819, stack(0x0000700019a60000,0x0000700019e60000)]
  0x00007ffafb821800 JavaThread "WatchService for /private/var/local/build/jade/dev/app0/deployments/jade_server.ear/lib" daemon [_thread_in_native, id=35671, stack(0x000070001965d000,0x0000700019a5d000)]
  0x00007ffafb0b6800 JavaThread "Thread-121" [_thread_blocked, id=68111, stack(0x000070001925a000,0x000070001965a000)]
  0x00007ffafb0b4000 JavaThread "Thread-120" [_thread_blocked, id=63279, stack(0x0000700018e57000,0x0000700019257000)]
  0x00007ffafb055000 JavaThread "process reaper" daemon [_thread_blocked, id=31515, stack(0x000070000ba14000,0x000070000ba3c000)]
  0x00007ffb79462000 JavaThread "Thread-45" [_thread_blocked, id=61451, stack(0x0000700018a54000,0x0000700018e54000)]
  0x00007ffb79184000 JavaThread "WatchService for /g/jade/server" daemon [_thread_in_native, id=69135, stack(0x0000700018651000,0x0000700018a51000)]
  0x00007ffafa0cf800 JavaThread "Thread-44" [_thread_blocked, id=34823, stack(0x000070001824e000,0x000070001864e000)]
  0x00007ffafb819800 JavaThread "WatchService for /g/lwb/top" daemon [_thread_in_native, id=31239, stack(0x0000700017e4b000,0x000070001824b000)]
  0x00007ffb8a5fd000 JavaThread "Thread-43" [_thread_blocked, id=44039, stack(0x0000700017a48000,0x0000700017e48000)]
  0x00007ffb8a237000 JavaThread "WatchService for /g/jade/entities" daemon [_thread_in_native, id=82695, stack(0x0000700017645000,0x0000700017a45000)]
  0x00007ffafb002000 JavaThread "Thread-42" [_thread_blocked, id=84235, stack(0x0000700017242000,0x0000700017642000)]
  0x00007ffafb001800 JavaThread "WatchService for /g/barnet-common-java" daemon [_thread_in_native, id=48903, stack(0x0000700016e3f000,0x000070001723f000)]
  0x00007ffb8a5f5000 JavaThread "Thread-41" [_thread_blocked, id=48135, stack(0x0000700016a3c000,0x0000700016e3c000)]
  0x00007ffb8a5f6800 JavaThread "WatchService for /g/shop.barnet/api" daemon [_thread_in_native, id=80391, stack(0x0000700016639000,0x0000700016a39000)]
  0x00007ffb795f0000 JavaThread "Thread-40" [_thread_blocked, id=75271, stack(0x0000700016236000,0x0000700016636000)]
  0x00007ffb795f3800 JavaThread "WatchService for /g/demeter/api" daemon [_thread_in_native, id=52487, stack(0x0000700015e33000,0x0000700016233000)]
  0x00007ffb8b22e000 JavaThread "Thread-39" [_thread_blocked, id=75015, stack(0x0000700015a30000,0x0000700015e30000)]
  0x00007ffb8b41f000 JavaThread "WatchService for /g/alcina" daemon [_thread_in_native, id=54023, stack(0x000070001562d000,0x0000700015a2d000)]
  0x00007ffb89a88000 JavaThread "WatchService for /private/var/local/build/vr/dev/app0/deployments/vr_crm_server.ear/lib" daemon [_thread_in_native, id=59907, stack(0x000070001d28a000,0x000070001d68a000)]
  0x00007ffb8a61e000 JavaThread "Thread-34" [_thread_blocked, id=59395, stack(0x000070001ce87000,0x000070001d287000)]
  0x00007ffb89114000 JavaThread "WatchService for /private/var/local/build/vr/dev/app0/deployments/vr_crm_server.ear/lib" daemon [_thread_in_native, id=70659, stack(0x000070001ca84000,0x000070001ce84000)]
  0x00007ffb8b2d4800 JavaThread "Thread-33" [_thread_blocked, id=71171, stack(0x000070001c681000,0x000070001ca81000)]
  0x00007ffb89cc1000 JavaThread "WatchService for /private/var/local/build/vr/dev/app0/deployments/vr_crm_server.ear" daemon [_thread_in_native, id=72195, stack(0x000070001c27e000,0x000070001c67e000)]
  0x00007ffb3a803000 JavaThread "WatchService for /private/var/local/build/vr/dev/app0/deployments/vr_crm_server.ear/lib" daemon [_thread_in_native, id=55851, stack(0x000070001be7b000,0x000070001c27b000)]
  0x00007ffafa3a9800 JavaThread "Thread-32" [_thread_blocked, id=73235, stack(0x000070001ba78000,0x000070001be78000)]
  0x00007ffaf925a000 JavaThread "Thread-31" [_thread_blocked, id=55571, stack(0x000070001b675000,0x000070001ba75000)]
  0x00007ffaf9800000 JavaThread "Scheduler-1613255205" [_thread_blocked, id=18183, stack(0x000070001522a000,0x000070001562a000)]
  0x00007ffb8b477000 JavaThread "crm.victorianreports.com.au.initiator::main" [_thread_blocked, id=28931, stack(0x0000700014e27000,0x0000700015227000)]
  0x00007ffb69013800 JavaThread "crm.victorianreports.com.au.initiator::jdwp-attach" [_thread_in_native, id=35843, stack(0x0000700014a24000,0x0000700014e24000)]
  0x00007ffb69013000 JavaThread "crm.jade.io.initiator::main" [_thread_blocked, id=36099, stack(0x0000700014621000,0x0000700014a21000)]
  0x00007ffb69012000 JavaThread "crm.jade.io.initiator::jdwp-attach" [_thread_in_native, id=28163, stack(0x000070001421e000,0x000070001461e000)]
  0x00007ffb69011800 JavaThread "app3.jade.io.initiator::main" [_thread_blocked, id=27651, stack(0x0000700013e1b000,0x000070001421b000)]
  0x00007ffb8b476000 JavaThread "app3.jade.io.initiator::jdwp-attach" [_thread_in_native, id=36611, stack(0x0000700013a18000,0x0000700013e18000)]
  0x00007ffb69010800 JavaThread "app2.jade.io.initiator::main" [_thread_blocked, id=37123, stack(0x0000700013615000,0x0000700013a15000)]
  0x00007ffb39808000 JavaThread "app2.jade.io.initiator::jdwp-attach" [_thread_in_native, id=37379, stack(0x0000700013212000,0x0000700013612000)]
  0x00007ffb7947d000 JavaThread "app1b.jade.io.initiator::main" [_thread_blocked, id=37891, stack(0x0000700012e0f000,0x000070001320f000)]
  0x00007ffb8a620800 JavaThread "app1b.jade.io.initiator::jdwp-attach" [_thread_in_native, id=38403, stack(0x0000700012a0c000,0x0000700012e0c000)]
  0x00007ffb69010000 JavaThread "app1a.jade.io.initiator::main" [_thread_blocked, id=38659, stack(0x0000700012609000,0x0000700012a09000)]
  0x00007ffb7946c000 JavaThread "app1a.jade.io.initiator::jdwp-attach" [_thread_in_native, id=26627, stack(0x0000700012206000,0x0000700012606000)]
  0x00007ffb3a801800 JavaThread "app0a.jade.io.initiator::main" [_thread_blocked, id=39171, stack(0x0000700011e03000,0x0000700012203000)]
  0x00007ffb8b475800 JavaThread "app0a.jade.io.initiator::jdwp-attach" [_thread_in_native, id=39427, stack(0x0000700011a00000,0x0000700011e00000)]
  0x00007ffb8b41f800 JavaThread "app0z.jade.io.initiator::main" [_thread_blocked, id=25859, stack(0x00007000115fd000,0x00007000119fd000)]
  0x00007ffb8b426800 JavaThread "app0z.jade.io.initiator::jdwp-attach" [_thread_in_native, id=40195, stack(0x00007000111fa000,0x00007000115fa000)]
=>0x00007ffb19020800 JavaThread "qtp1454031203-24" [_thread_in_native, id=25347, stack(0x0000700010df7000,0x00007000111f7000)]
  0x00007ffb69000000 JavaThread "qtp1454031203-23" [_thread_blocked, id=40451, stack(0x00007000109f4000,0x0000700010df4000)]
  0x00007ffb8b41b800 JavaThread "qtp1454031203-22" [_thread_blocked, id=24579, stack(0x00007000105f1000,0x00007000109f1000)]
  0x00007ffb89e13000 JavaThread "qtp1454031203-21-selector-ServerConnectorManager@12f41634/2" [_thread_in_native, id=40963, stack(0x00007000101ee000,0x00007000105ee000)]
  0x00007ffb3a800800 JavaThread "qtp1454031203-20-selector-ServerConnectorManager@12f41634/3" [_thread_in_native, id=24067, stack(0x000070000fdeb000,0x00007000101eb000)]
  0x00007ffb69005000 JavaThread "qtp1454031203-19-selector-ServerConnectorManager@12f41634/0" [_thread_in_native, id=41219, stack(0x000070000f9e8000,0x000070000fde8000)]
  0x00007ffb39024000 JavaThread "qtp1454031203-18-acceptor-0@67c2dcad-ServerConnector@5bcea91b{HTTP/1.1}{0.0.0.0:10005}" [_thread_in_native, id=41731, stack(0x000070000f5e5000,0x000070000f9e5000)]
  0x00007ffb8937f000 JavaThread "qtp1454031203-17-selector-ServerConnectorManager@12f41634/1" [_thread_in_native, id=41991, stack(0x000070000f1e2000,0x000070000f5e2000)]
  0x00007ffb8b2e1800 JavaThread "Timer-0" daemon [_thread_blocked, id=23299, stack(0x000070000eddf000,0x000070000f1df000)]
  0x00007ffb8a00a800 JavaThread "Service Thread" daemon [_thread_blocked, id=42755, stack(0x000070000e8d9000,0x000070000ecd9000)]
  0x00007ffb89941000 JavaThread "C1 CompilerThread3" daemon [_thread_blocked, id=22531, stack(0x000070000e7d6000,0x000070000e8d6000)]
  0x00007ffb89940800 JavaThread "C2 CompilerThread2" daemon [_thread_in_native, id=22275, stack(0x000070000e6d3000,0x000070000e7d3000)]
  0x00007ffb89800800 JavaThread "C2 CompilerThread1" daemon [_thread_in_native, id=21763, stack(0x000070000e5d0000,0x000070000e6d0000)]
  0x00007ffb89048000 JavaThread "C2 CompilerThread0" daemon [_thread_in_native, id=16131, stack(0x000070000e4cd000,0x000070000e5cd000)]
  0x00007ffb89811000 JavaThread "JDWP Command Reader" daemon [_thread_in_native, id=16899, stack(0x000070000e0ca000,0x000070000e4ca000)]
  0x00007ffb89810800 JavaThread "JDWP Event Helper Thread" daemon [_thread_blocked, id=15619, stack(0x000070000dcc7000,0x000070000e0c7000)]
  0x00007ffb8980f800 JavaThread "JDWP Transport Listener: dt_socket" daemon [_thread_blocked, id=17159, stack(0x000070000d8c4000,0x000070000dcc4000)]
  0x00007ffb8900d800 JavaThread "Signal Dispatcher" daemon [_thread_blocked, id=15107, stack(0x000070000d4c1000,0x000070000d8c1000)]
  0x00007ffb8b057800 JavaThread "Surrogate Locker Thread (Concurrent GC)" daemon [_thread_blocked, id=17667, stack(0x000070000d0be000,0x000070000d4be000)]
  0x00007ffb8a008000 JavaThread "Finalizer" daemon [_thread_blocked, id=19203, stack(0x000070000ccbb000,0x000070000d0bb000)]
  0x00007ffb8a005000 JavaThread "Reference Handler" daemon [_thread_blocked, id=19459, stack(0x000070000c8b8000,0x000070000ccb8000)]
  0x00007ffb89803000 JavaThread "main" [_thread_blocked, id=9731, stack(0x000070000ba97000,0x000070000be97000)]

Other Threads:
  0x00007ffb8b040800 VMThread [stack: 0x000070000c7b5000,0x000070000c8b5000] [id=19971]
  0x00007ffb89942000 WatcherThread [stack: 0x000070000ecdc000,0x000070000eddc000] [id=23043]

VM state:not at safepoint (normal execution)

VM Mutex/Monitor currently owned by a thread: None

Heap:
 par new generation   total 61440K, used 37597K [0x0000000704800000, 0x0000000708aa0000, 0x0000000723b30000)
  eden space 54656K,  56% used [0x0000000704800000, 0x0000000706617498, 0x0000000707d60000)
  from space 6784K, 100% used [0x0000000708400000, 0x0000000708aa0000, 0x0000000708aa0000)
  to   space 6784K,   0% used [0x0000000707d60000, 0x0000000707d60000, 0x0000000708400000)
 concurrent mark-sweep generation total 136576K, used 75523K [0x0000000723b30000, 0x000000072c090000, 0x00000007c0000000)
 Metaspace       used 19731K, capacity 20106K, committed 20224K, reserved 1067008K
  class space    used 2153K, capacity 2269K, committed 2304K, reserved 1048576K

Card table byte_map: [0x0000000104aea000,0x00000001050c7000] byte_map_base: 0x00000001012c6000

Marking Bits: (CMSBitMap*) 0x00007ffb8b002348
 Bits: [0x000000011728f000, 0x00000001199a2400)

Mod Union Table: (CMSBitMap*) 0x00007ffb8b002408
 Bits: [0x00000001050c7000, 0x00000001051634d0)

Polling page: 0x0000000104665000

CodeCache: size=245760Kb used=8643Kb max_used=9739Kb free=237116Kb
 bounds [0x0000000107dac000, 0x000000010875c000, 0x0000000116dac000]
 total_blobs=2787 nmethods=2376 adapters=331
 compilation: enabled

Compilation events (10 events):
Event: 3800.065 Thread 0x00007ffb89941000 3230       2       java.lang.Class::reflectionData (49 bytes)
Event: 3800.065 Thread 0x00007ffb89941000 nmethod 3230 0x0000000108654810 code [0x0000000108654980, 0x0000000108654bc8]
Event: 3800.065 Thread 0x00007ffb89941000 3226       2       sun.reflect.ClassFileAssembler::emitConstantPoolMethodref (28 bytes)
Event: 3800.065 Thread 0x00007ffb89941000 nmethod 3226 0x0000000108687450 code [0x0000000108687600, 0x00000001086879c8]
Event: 3800.065 Thread 0x00007ffb89941000 3227       1       java.lang.reflect.WeakCache$CacheKey::hashCode (5 bytes)
Event: 3800.065 Thread 0x00007ffb89941000 nmethod 3227 0x0000000108308a50 code [0x0000000108308ba0, 0x0000000108308cb0]
Event: 3800.065 Thread 0x00007ffb89941000 3229       2       javassist.bytecode.annotation.Annotation::addMemberValue (41 bytes)
Event: 3800.065 Thread 0x00007ffb89941000 nmethod 3229 0x00000001084b7990 code [0x00000001084b7b20, 0x00000001084b7e68]
Event: 3800.070 Thread 0x00007ffb89941000 3232       2       javassist.bytecode.AttributeInfo::getName (12 bytes)
Event: 3800.071 Thread 0x00007ffb89941000 nmethod 3232 0x0000000108654290 code [0x0000000108654400, 0x00000001086545e8]

GC Heap History (10 events):
Event: 3323.060 GC heap before
{Heap before GC invocations=32 (full 1):
 par new generation   total 61440K, used 58332K [0x0000000704800000, 0x0000000708aa0000, 0x0000000723b30000)
  eden space 54656K, 100% used [0x0000000704800000, 0x0000000707d60000, 0x0000000707d60000)
  from space 6784K,  54% used [0x0000000707d60000, 0x00000007080f7270, 0x0000000708400000)
  to   space 6784K,   0% used [0x0000000708400000, 0x0000000708400000, 0x0000000708aa0000)
 concurrent mark-sweep generation total 136576K, used 57429K [0x0000000723b30000, 0x000000072c090000, 0x00000007c0000000)
 Metaspace       used 19670K, capacity 20070K, committed 20224K, reserved 1067008K
  class space    used 2145K, capacity 2259K, committed 2304K, reserved 1048576K
Event: 3323.061 GC heap after
Heap after GC invocations=33 (full 1):
 par new generation   total 61440K, used 2991K [0x0000000704800000, 0x0000000708aa0000, 0x0000000723b30000)
  eden space 54656K,   0% used [0x0000000704800000, 0x0000000704800000, 0x0000000707d60000)
  from space 6784K,  44% used [0x0000000708400000, 0x00000007086ebe00, 0x0000000708aa0000)
  to   space 6784K,   0% used [0x0000000707d60000, 0x0000000707d60000, 0x0000000708400000)
 concurrent mark-sweep generation total 136576K, used 57429K [0x0000000723b30000, 0x000000072c090000, 0x00000007c0000000)
 Metaspace       used 19670K, capacity 20070K, committed 20224K, reserved 1067008K
  class space    used 2145K, capacity 2259K, committed 2304K, reserved 1048576K
}
Event: 3505.735 GC heap before
{Heap before GC invocations=33 (full 1):
 par new generation   total 61440K, used 57647K [0x0000000704800000, 0x0000000708aa0000, 0x0000000723b30000)
  eden space 54656K, 100% used [0x0000000704800000, 0x0000000707d60000, 0x0000000707d60000)
  from space 6784K,  44% used [0x0000000708400000, 0x00000007086ebe00, 0x0000000708aa0000)
  to   space 6784K,   0% used [0x0000000707d60000, 0x0000000707d60000, 0x0000000708400000)
 concurrent mark-sweep generation total 136576K, used 57429K [0x0000000723b30000, 0x000000072c090000, 0x00000007c0000000)
 Metaspace       used 19670K, capacity 20070K, committed 20224K, reserved 1067008K
  class space    used 2145K, capacity 2259K, committed 2304K, reserved 1048576K
Event: 3505.738 GC heap after
Heap after GC invocations=34 (full 1):
 par new generation   total 61440K, used 1742K [0x0000000704800000, 0x0000000708aa0000, 0x0000000723b30000)
  eden space 54656K,   0% used [0x0000000704800000, 0x0000000704800000, 0x0000000707d60000)
  from space 6784K,  25% used [0x0000000707d60000, 0x0000000707f13a40, 0x0000000708400000)
  to   space 6784K,   0% used [0x0000000708400000, 0x0000000708400000, 0x0000000708aa0000)
 concurrent mark-sweep generation total 136576K, used 57429K [0x0000000723b30000, 0x000000072c090000, 0x00000007c0000000)
 Metaspace       used 19670K, capacity 20070K, committed 20224K, reserved 1067008K
  class space    used 2145K, capacity 2259K, committed 2304K, reserved 1048576K
}
Event: 3507.238 GC heap before
{Heap before GC invocations=34 (full 1):
 par new generation   total 61440K, used 56398K [0x0000000704800000, 0x0000000708aa0000, 0x0000000723b30000)
  eden space 54656K, 100% used [0x0000000704800000, 0x0000000707d60000, 0x0000000707d60000)
  from space 6784K,  25% used [0x0000000707d60000, 0x0000000707f13a40, 0x0000000708400000)
  to   space 6784K,   0% used [0x0000000708400000, 0x0000000708400000, 0x0000000708aa0000)
 concurrent mark-sweep generation total 136576K, used 57429K [0x0000000723b30000, 0x000000072c090000, 0x00000007c0000000)
 Metaspace       used 19670K, capacity 20070K, committed 20224K, reserved 1067008K
  class space    used 2145K, capacity 2259K, committed 2304K, reserved 1048576K
Event: 3507.240 GC heap after
Heap after GC invocations=35 (full 1):
 par new generation   total 61440K, used 1443K [0x0000000704800000, 0x0000000708aa0000, 0x0000000723b30000)
  eden space 54656K,   0% used [0x0000000704800000, 0x0000000704800000, 0x0000000707d60000)
  from space 6784K,  21% used [0x0000000708400000, 0x0000000708568cb0, 0x0000000708aa0000)
  to   space 6784K,   0% used [0x0000000707d60000, 0x0000000707d60000, 0x0000000708400000)
 concurrent mark-sweep generation total 136576K, used 57429K [0x0000000723b30000, 0x000000072c090000, 0x00000007c0000000)
 Metaspace       used 19670K, capacity 20070K, committed 20224K, reserved 1067008K
  class space    used 2145K, capacity 2259K, committed 2304K, reserved 1048576K
}
Event: 3799.911 GC heap before
{Heap before GC invocations=35 (full 1):
 par new generation   total 61440K, used 56099K [0x0000000704800000, 0x0000000708aa0000, 0x0000000723b30000)
  eden space 54656K, 100% used [0x0000000704800000, 0x0000000707d60000, 0x0000000707d60000)
  from space 6784K,  21% used [0x0000000708400000, 0x0000000708568cb0, 0x0000000708aa0000)
  to   space 6784K,   0% used [0x0000000707d60000, 0x0000000707d60000, 0x0000000708400000)
 concurrent mark-sweep generation total 136576K, used 57429K [0x0000000723b30000, 0x000000072c090000, 0x00000007c0000000)
 Metaspace       used 19706K, capacity 20082K, committed 20224K, reserved 1067008K
  class space    used 2150K, capacity 2263K, committed 2304K, reserved 1048576K
Event: 3799.925 GC heap after
Heap after GC invocations=36 (full 1):
 par new generation   total 61440K, used 6783K [0x0000000704800000, 0x0000000708aa0000, 0x0000000723b30000)
  eden space 54656K,   0% used [0x0000000704800000, 0x0000000704800000, 0x0000000707d60000)
  from space 6784K,  99% used [0x0000000707d60000, 0x00000007083ffff8, 0x0000000708400000)
  to   space 6784K,   0% used [0x0000000708400000, 0x0000000708400000, 0x0000000708aa0000)
 concurrent mark-sweep generation total 136576K, used 60540K [0x0000000723b30000, 0x000000072c090000, 0x00000007c0000000)
 Metaspace       used 19706K, capacity 20082K, committed 20224K, reserved 1067008K
  class space    used 2150K, capacity 2263K, committed 2304K, reserved 1048576K
}
Event: 3799.983 GC heap before
{Heap before GC invocations=36 (full 1):
 par new generation   total 61440K, used 61439K [0x0000000704800000, 0x0000000708aa0000, 0x0000000723b30000)
  eden space 54656K, 100% used [0x0000000704800000, 0x0000000707d60000, 0x0000000707d60000)
  from space 6784K,  99% used [0x0000000707d60000, 0x00000007083ffff8, 0x0000000708400000)
  to   space 6784K,   0% used [0x0000000708400000, 0x0000000708400000, 0x0000000708aa0000)
 concurrent mark-sweep generation total 136576K, used 60540K [0x0000000723b30000, 0x000000072c090000, 0x00000007c0000000)
 Metaspace       used 19707K, capacity 20082K, committed 20224K, reserved 1067008K
  class space    used 2150K, capacity 2263K, committed 2304K, reserved 1048576K
Event: 3800.004 GC heap after
Heap after GC invocations=37 (full 1):
 par new generation   total 61440K, used 6784K [0x0000000704800000, 0x0000000708aa0000, 0x0000000723b30000)
  eden space 54656K,   0% used [0x0000000704800000, 0x0000000704800000, 0x0000000707d60000)
  from space 6784K, 100% used [0x0000000708400000, 0x0000000708aa0000, 0x0000000708aa0000)
  to   space 6784K,   0% used [0x0000000707d60000, 0x0000000707d60000, 0x0000000708400000)
 concurrent mark-sweep generation total 136576K, used 75523K [0x0000000723b30000, 0x000000072c090000, 0x00000007c0000000)
 Metaspace       used 19707K, capacity 20082K, committed 20224K, reserved 1067008K
  class space    used 2150K, capacity 2263K, committed 2304K, reserved 1048576K
}

Deoptimization events (10 events):
Event: 3800.030 Thread 0x00007ffb19020800 Uncommon trap: reason=unstable_if action=reinterpret pc=0x00000001085abe30 method=com.esotericsoftware.kryo.util.DefaultClassResolver.readName(Lcom/esotericsoftware/kryo/io/Input;)Lcom/esotericsoftware/kryo/Registration; @ 10
Event: 3800.031 Thread 0x00007ffb19020800 Uncommon trap: reason=unstable_if action=reinterpret pc=0x00000001085fa62c method=com.esotericsoftware.kryo.util.ObjectMap.get(Ljava/lang/Object;)Ljava/lang/Object; @ 60
Event: 3800.031 Thread 0x00007ffb19020800 Uncommon trap: reason=unstable_if action=reinterpret pc=0x00000001085066e0 method=com.esotericsoftware.kryo.util.IntMap.get(I)Ljava/lang/Object; @ 32
Event: 3800.031 Thread 0x00007ffb19020800 Uncommon trap: reason=class_check action=maybe_recompile pc=0x00000001085cdf14 method=com.esotericsoftware.kryo.util.ObjectMap.get(Ljava/lang/Object;)Ljava/lang/Object; @ 1
Event: 3800.031 Thread 0x00007ffb19020800 Uncommon trap: reason=unstable_if action=reinterpret pc=0x0000000108522784 method=com.esotericsoftware.kryo.util.IntMap.get(I)Ljava/lang/Object; @ 32
Event: 3800.031 Thread 0x00007ffb19020800 Uncommon trap: reason=class_check action=maybe_recompile pc=0x00000001085cdf14 method=com.esotericsoftware.kryo.util.ObjectMap.get(Ljava/lang/Object;)Ljava/lang/Object; @ 1
Event: 3800.031 Thread 0x00007ffb19020800 Uncommon trap: reason=class_check action=maybe_recompile pc=0x00000001085cdf14 method=com.esotericsoftware.kryo.util.ObjectMap.get(Ljava/lang/Object;)Ljava/lang/Object; @ 1
Event: 3800.031 Thread 0x00007ffb19020800 Uncommon trap: reason=unstable_if action=reinterpret pc=0x00000001085f8f4c method=com.esotericsoftware.kryo.util.ObjectMap.get(Ljava/lang/Object;)Ljava/lang/Object; @ 60
Event: 3800.031 Thread 0x00007ffb19020800 Uncommon trap: reason=unstable_if action=reinterpret pc=0x00000001085ce07c method=com.esotericsoftware.kryo.util.ObjectMap.get(Ljava/lang/Object;)Ljava/lang/Object; @ 60
Event: 3800.042 Thread 0x00007ffb19020800 Uncommon trap: reason=unstable_if action=reinterpret pc=0x00000001085003c8 method=com.esotericsoftware.kryo.io.Input.readVarInt(Z)I @ 81

Classes redefined (10 events):
Event: 2999.364 Thread 0x00007ffb8b040800 redefined class name=com.totsp.gwittir.client.beans.Converter$11, count=1
Event: 2999.373 Thread 0x00007ffb8b040800 redefined class name=com.totsp.gwittir.client.beans.Converter$2, count=1
Event: 2999.382 Thread 0x00007ffb8b040800 redefined class name=com.totsp.gwittir.client.beans.Converter$3, count=1
Event: 2999.392 Thread 0x00007ffb8b040800 redefined class name=com.totsp.gwittir.client.beans.Converter$4, count=1
Event: 2999.401 Thread 0x00007ffb8b040800 redefined class name=com.totsp.gwittir.client.beans.Converter$5, count=1
Event: 2999.410 Thread 0x00007ffb8b040800 redefined class name=com.totsp.gwittir.client.beans.Converter$6, count=1
Event: 2999.418 Thread 0x00007ffb8b040800 redefined class name=com.totsp.gwittir.client.beans.Converter$7, count=1
Event: 2999.427 Thread 0x00007ffb8b040800 redefined class name=com.totsp.gwittir.client.beans.Converter$8, count=1
Event: 2999.436 Thread 0x00007ffb8b040800 redefined class name=com.totsp.gwittir.client.beans.Converter$9, count=1
Event: 2999.445 Thread 0x00007ffb8b040800 redefined class name=com.totsp.gwittir.client.beans.Converter, count=1

Internal exceptions (10 events):
Event: 82.346 Thread 0x00007ffb69000000 Implicit null exception at 0x00000001082c3eac to 0x00000001082c9731
Event: 82.356 Thread 0x00007ffb69000000 Exception <a 'java/lang/ArrayIndexOutOfBoundsException': 299> (0x00000007075a1220) thrown at [/Users/java_re/workspace/8-2-build-macosx-x86_64/jdk8u152/9742/hotspot/src/share/vm/interpreter/interpreterRuntime.cpp, line 366]
Event: 82.356 Thread 0x00007ffb69000000 Exception <a 'java/lang/ArrayIndexOutOfBoundsException': 96> (0x00000007075a28d8) thrown at [/Users/java_re/workspace/8-2-build-macosx-x86_64/jdk8u152/9742/hotspot/src/share/vm/interpreter/interpreterRuntime.cpp, line 366]
Event: 82.359 Thread 0x00007ffb69000000 Exception <a 'java/lang/ArrayIndexOutOfBoundsException'> (0x00000007075d8500) thrown at [/Users/java_re/workspace/8-2-build-macosx-x86_64/jdk8u152/9742/hotspot/src/share/vm/runtime/sharedRuntime.cpp, line 605]
Event: 84.647 Thread 0x00007ffb69000000 Implicit null exception at 0x000000010849bbc9 to 0x000000010849bfe5
Event: 84.649 Thread 0x00007ffb69000000 Implicit null exception at 0x00000001084ad27a to 0x00000001084ad71d
Event: 84.695 Thread 0x00007ffb69000000 Exception <a 'java/lang/NoSuchMethodError': java.lang.Object.lambda$comparing$77a9974f$1(Ljava/util/function/Function;Ljava/lang/Object;Ljava/lang/Object;)I> (0x0000000707525788) thrown at [/Users/java_re/workspace/8-2-build-macosx-x86_64/jdk8u152/9742/ho
Event: 84.710 Thread 0x00007ffb69000000 Implicit null exception at 0x000000010843e320 to 0x000000010843e911
Event: 2952.527 Thread 0x00007ffb8b2e1800 Implicit null exception at 0x000000010837f76d to 0x000000010837fac5
Event: 3800.030 Thread 0x00007ffb19020800 Implicit null exception at 0x0000000108598216 to 0x00000001085abdd9

Events (10 events):
Event: 3800.065 loading class cc/alcina/framework/classmeta/ClassPersistenceScanData$ClassPersistenceScannedPersistenceGetter done
Event: 3800.069 Thread 0x00007ffb190f4000 Thread added: 0x00007ffb190f4000
Event: 3800.070 loading class com/google/gwt/core/client/GwtScriptOnly
Event: 3800.070 loading class com/google/gwt/core/client/GwtScriptOnly done
Event: 3800.070 Thread 0x00007ffb19020800 DEOPT PACKING pc=0x0000000108011e31 sp=0x00007000111f4dc0
Event: 3800.071 Thread 0x00007ffb19020800 DEOPT UNPACKING pc=0x0000000107df3633 sp=0x00007000111f4b30 mode 1
Event: 3800.071 Thread 0x00007ffb19020800 DEOPT PACKING pc=0x0000000107fe2714 sp=0x00007000111f4e40
Event: 3800.071 Thread 0x00007ffb19020800 DEOPT UNPACKING pc=0x0000000107df3633 sp=0x00007000111f4c80 mode 1
Event: 3800.071 Thread 0x00007ffb19020800 DEOPT PACKING pc=0x0000000107fe24b4 sp=0x00007000111f4fd0
Event: 3800.071 Thread 0x00007ffb19020800 DEOPT UNPACKING pc=0x0000000107df3633 sp=0x00007000111f4e10 mode 1


Dynamic libraries:
0x000000001c33f000 	/System/Library/Frameworks/Cocoa.framework/Versions/A/Cocoa
0x000000001c33f000 	/System/Library/Frameworks/Security.framework/Versions/A/Security
0x000000001c33f000 	/System/Library/Frameworks/ApplicationServices.framework/Versions/A/ApplicationServices
0x000000001c33f000 	/usr/lib/libz.1.dylib
0x000000001c33f000 	/usr/lib/libSystem.B.dylib
0x000000001c33f000 	/usr/lib/libobjc.A.dylib
0x000000001c33f000 	/System/Library/Frameworks/CoreFoundation.framework/Versions/A/CoreFoundation
0x000000001c33f000 	/System/Library/Frameworks/Foundation.framework/Versions/C/Foundation
0x000000001c33f000 	/System/Library/Frameworks/AppKit.framework/Versions/C/AppKit
0x000000001c33f000 	/System/Library/Frameworks/CoreData.framework/Versions/A/CoreData
0x000000001c33f000 	/System/Library/PrivateFrameworks/RemoteViewServices.framework/Versions/A/RemoteViewServices
0x000000001c33f000 	/System/Library/PrivateFrameworks/UIFoundation.framework/Versions/A/UIFoundation
0x000000001c33f000 	/System/Library/PrivateFrameworks/XCTTargetBootstrap.framework/Versions/A/XCTTargetBootstrap
0x000000001c33f000 	/System/Library/Frameworks/CoreDisplay.framework/Versions/A/CoreDisplay
0x000000001c33f000 	/System/Library/PrivateFrameworks/IconServices.framework/Versions/A/IconServices
0x000000001c33f000 	/System/Library/Frameworks/Metal.framework/Versions/A/Metal
0x000000001c33f000 	/System/Library/PrivateFrameworks/DesktopServicesPriv.framework/Versions/A/DesktopServicesPriv
0x000000001c33f000 	/usr/lib/libenergytrace.dylib
0x000000001c33f000 	/System/Library/PrivateFrameworks/SkyLight.framework/Versions/A/SkyLight
0x000000001c33f000 	/System/Library/Frameworks/CoreGraphics.framework/Versions/A/CoreGraphics
0x000000001c33f000 	/System/Library/Frameworks/Accelerate.framework/Versions/A/Accelerate
0x000000001c33f000 	/System/Library/Frameworks/IOSurface.framework/Versions/A/IOSurface
0x000000001c33f000 	/System/Library/PrivateFrameworks/DFRFoundation.framework/Versions/A/DFRFoundation
0x000000001c33f000 	/System/Library/Frameworks/AudioToolbox.framework/Versions/A/AudioToolbox
0x000000001c33f000 	/System/Library/Frameworks/AudioUnit.framework/Versions/A/AudioUnit
0x000000001c33f000 	/System/Library/PrivateFrameworks/DataDetectorsCore.framework/Versions/A/DataDetectorsCore
0x000000001c33f000 	/System/Library/Frameworks/Carbon.framework/Versions/A/Frameworks/HIToolbox.framework/Versions/A/HIToolbox
0x000000001c33f000 	/usr/lib/libicucore.A.dylib
0x000000001c33f000 	/System/Library/Frameworks/QuartzCore.framework/Versions/A/QuartzCore
0x000000001c33f000 	/System/Library/Frameworks/Carbon.framework/Versions/A/Frameworks/SpeechRecognition.framework/Versions/A/SpeechRecognition
0x000000001c33f000 	/usr/lib/libauto.dylib
0x000000001c33f000 	/usr/lib/libxml2.2.dylib
0x000000001c33f000 	/System/Library/PrivateFrameworks/CoreUI.framework/Versions/A/CoreUI
0x000000001c33f000 	/System/Library/Frameworks/CoreAudio.framework/Versions/A/CoreAudio
0x000000001c33f000 	/System/Library/Frameworks/DiskArbitration.framework/Versions/A/DiskArbitration
0x000000001c33f000 	/usr/lib/liblangid.dylib
0x000000001c33f000 	/System/Library/PrivateFrameworks/MultitouchSupport.framework/Versions/A/MultitouchSupport
0x000000001c33f000 	/System/Library/Frameworks/IOKit.framework/Versions/A/IOKit
0x000000001c33f000 	/usr/lib/libDiagnosticMessagesClient.dylib
0x000000001c33f000 	/System/Library/Frameworks/CoreServices.framework/Versions/A/CoreServices
0x000000001c33f000 	/System/Library/PrivateFrameworks/PerformanceAnalysis.framework/Versions/A/PerformanceAnalysis
0x000000001c33f000 	/System/Library/Frameworks/OpenGL.framework/Versions/A/OpenGL
0x000000001c33f000 	/System/Library/Frameworks/ColorSync.framework/Versions/A/ColorSync
0x000000001c33f000 	/System/Library/Frameworks/CoreImage.framework/Versions/A/CoreImage
0x000000001c33f000 	/System/Library/Frameworks/CoreText.framework/Versions/A/CoreText
0x000000001c33f000 	/System/Library/Frameworks/ImageIO.framework/Versions/A/ImageIO
0x000000001c33f000 	/System/Library/PrivateFrameworks/Backup.framework/Versions/A/Backup
0x000000001c33f000 	/usr/lib/libarchive.2.dylib
0x000000001c33f000 	/System/Library/Frameworks/CFNetwork.framework/Versions/A/CFNetwork
0x000000001c33f000 	/System/Library/Frameworks/SystemConfiguration.framework/Versions/A/SystemConfiguration
0x000000001c33f000 	/usr/lib/libCRFSuite.dylib
0x000000001c33f000 	/usr/lib/libc++.1.dylib
0x000000001c33f000 	/usr/lib/libc++abi.dylib
0x000000001c33f000 	/usr/lib/system/libcache.dylib
0x000000001c33f000 	/usr/lib/system/libcommonCrypto.dylib
0x000000001c33f000 	/usr/lib/system/libcompiler_rt.dylib
0x000000001c33f000 	/usr/lib/system/libcopyfile.dylib
0x000000001c33f000 	/usr/lib/system/libcorecrypto.dylib
0x000000001c33f000 	/usr/lib/system/libdispatch.dylib
0x000000001c33f000 	/usr/lib/system/libdyld.dylib
0x000000001c33f000 	/usr/lib/system/libkeymgr.dylib
0x000000001c33f000 	/usr/lib/system/liblaunch.dylib
0x000000001c33f000 	/usr/lib/system/libmacho.dylib
0x000000001c33f000 	/usr/lib/system/libquarantine.dylib
0x000000001c33f000 	/usr/lib/system/libremovefile.dylib
0x000000001c33f000 	/usr/lib/system/libsystem_asl.dylib
0x000000001c33f000 	/usr/lib/system/libsystem_blocks.dylib
0x000000001c33f000 	/usr/lib/system/libsystem_c.dylib
0x000000001c33f000 	/usr/lib/system/libsystem_configuration.dylib
0x000000001c33f000 	/usr/lib/system/libsystem_coreservices.dylib
0x000000001c33f000 	/usr/lib/system/libsystem_darwin.dylib
0x000000001c33f000 	/usr/lib/system/libsystem_dnssd.dylib
0x000000001c33f000 	/usr/lib/system/libsystem_info.dylib
0x000000001c33f000 	/usr/lib/system/libsystem_m.dylib
0x000000001c33f000 	/usr/lib/system/libsystem_malloc.dylib
0x000000001c33f000 	/usr/lib/system/libsystem_networkextension.dylib
0x000000001c33f000 	/usr/lib/system/libsystem_notify.dylib
0x000000001c33f000 	/usr/lib/system/libsystem_sandbox.dylib
0x000000001c33f000 	/usr/lib/system/libsystem_secinit.dylib
0x000000001c33f000 	/usr/lib/system/libsystem_kernel.dylib
0x000000001c33f000 	/usr/lib/system/libsystem_platform.dylib
0x000000001c33f000 	/usr/lib/system/libsystem_pthread.dylib
0x000000001c33f000 	/usr/lib/system/libsystem_symptoms.dylib
0x000000001c33f000 	/usr/lib/system/libsystem_trace.dylib
0x000000001c33f000 	/usr/lib/system/libunwind.dylib
0x000000001c33f000 	/usr/lib/system/libxpc.dylib
0x000000001c33f000 	/usr/lib/libbsm.0.dylib
0x000000001c33f000 	/usr/lib/system/libkxld.dylib
0x000000001c33f000 	/System/Library/PrivateFrameworks/AppleFSCompression.framework/Versions/A/AppleFSCompression
0x000000001c33f000 	/usr/lib/libOpenScriptingUtil.dylib
0x000000001c33f000 	/usr/lib/libcoretls.dylib
0x000000001c33f000 	/usr/lib/libcoretls_cfhelpers.dylib
0x000000001c33f000 	/usr/lib/libpam.2.dylib
0x000000001c33f000 	/usr/lib/libsqlite3.dylib
0x000000001c33f000 	/usr/lib/libxar.1.dylib
0x000000001c33f000 	/usr/lib/libbz2.1.0.dylib
0x000000001c33f000 	/usr/lib/liblzma.5.dylib
0x000000001c33f000 	/usr/lib/libnetwork.dylib
0x000000001c33f000 	/usr/lib/libapple_nghttp2.dylib
0x000000001c33f000 	/usr/lib/libpcap.A.dylib
0x000000001c33f000 	/System/Library/Frameworks/CoreServices.framework/Versions/A/Frameworks/FSEvents.framework/Versions/A/FSEvents
0x000000001c33f000 	/System/Library/Frameworks/CoreServices.framework/Versions/A/Frameworks/CarbonCore.framework/Versions/A/CarbonCore
0x000000001c33f000 	/System/Library/Frameworks/CoreServices.framework/Versions/A/Frameworks/Metadata.framework/Versions/A/Metadata
0x000000001c33f000 	/System/Library/Frameworks/CoreServices.framework/Versions/A/Frameworks/OSServices.framework/Versions/A/OSServices
0x000000001c33f000 	/System/Library/Frameworks/CoreServices.framework/Versions/A/Frameworks/SearchKit.framework/Versions/A/SearchKit
0x000000001c33f000 	/System/Library/Frameworks/CoreServices.framework/Versions/A/Frameworks/AE.framework/Versions/A/AE
0x000000001c33f000 	/System/Library/Frameworks/CoreServices.framework/Versions/A/Frameworks/LaunchServices.framework/Versions/A/LaunchServices
0x000000001c33f000 	/System/Library/Frameworks/CoreServices.framework/Versions/A/Frameworks/DictionaryServices.framework/Versions/A/DictionaryServices
0x000000001c33f000 	/System/Library/Frameworks/CoreServices.framework/Versions/A/Frameworks/SharedFileList.framework/Versions/A/SharedFileList
0x000000001c33f000 	/System/Library/Frameworks/NetFS.framework/Versions/A/NetFS
0x000000001c33f000 	/System/Library/PrivateFrameworks/NetAuth.framework/Versions/A/NetAuth
0x000000001c33f000 	/System/Library/PrivateFrameworks/login.framework/Versions/A/Frameworks/loginsupport.framework/Versions/A/loginsupport
0x000000001c33f000 	/System/Library/PrivateFrameworks/TCC.framework/Versions/A/TCC
0x000000001c33f000 	/System/Library/PrivateFrameworks/CoreNLP.framework/Versions/A/CoreNLP
0x000000001c33f000 	/System/Library/PrivateFrameworks/MetadataUtilities.framework/Versions/A/MetadataUtilities
0x000000001c33f000 	/usr/lib/libmecabra.dylib
0x000000001c33f000 	/System/Library/Frameworks/ApplicationServices.framework/Versions/A/Frameworks/ATS.framework/Versions/A/ATS
0x000000001c33f000 	/System/Library/Frameworks/ApplicationServices.framework/Versions/A/Frameworks/ColorSyncLegacy.framework/Versions/A/ColorSyncLegacy
0x000000001c33f000 	/System/Library/Frameworks/ApplicationServices.framework/Versions/A/Frameworks/HIServices.framework/Versions/A/HIServices
0x000000001c33f000 	/System/Library/Frameworks/ApplicationServices.framework/Versions/A/Frameworks/LangAnalysis.framework/Versions/A/LangAnalysis
0x000000001c33f000 	/System/Library/Frameworks/ApplicationServices.framework/Versions/A/Frameworks/PrintCore.framework/Versions/A/PrintCore
0x000000001c33f000 	/System/Library/Frameworks/ApplicationServices.framework/Versions/A/Frameworks/QD.framework/Versions/A/QD
0x000000001c33f000 	/System/Library/Frameworks/ApplicationServices.framework/Versions/A/Frameworks/SpeechSynthesis.framework/Versions/A/SpeechSynthesis
0x000000001c33f000 	/usr/lib/libcompression.dylib
0x000000001c33f000 	/System/Library/Frameworks/MetalPerformanceShaders.framework/Versions/A/MetalPerformanceShaders
0x000000001c33f000 	/System/Library/Frameworks/Accelerate.framework/Versions/A/Frameworks/vImage.framework/Versions/A/vImage
0x000000001c33f000 	/System/Library/Frameworks/Accelerate.framework/Versions/A/Frameworks/vecLib.framework/Versions/A/vecLib
0x000000001c33f000 	/System/Library/Frameworks/Accelerate.framework/Versions/A/Frameworks/vecLib.framework/Versions/A/libvMisc.dylib
0x000000001c33f000 	/System/Library/Frameworks/Accelerate.framework/Versions/A/Frameworks/vecLib.framework/Versions/A/libvDSP.dylib
0x000000001c33f000 	/System/Library/Frameworks/Accelerate.framework/Versions/A/Frameworks/vecLib.framework/Versions/A/libBLAS.dylib
0x000000001c33f000 	/System/Library/Frameworks/Accelerate.framework/Versions/A/Frameworks/vecLib.framework/Versions/A/libLAPACK.dylib
0x000000001c33f000 	/System/Library/Frameworks/Accelerate.framework/Versions/A/Frameworks/vecLib.framework/Versions/A/libLinearAlgebra.dylib
0x000000001c33f000 	/System/Library/Frameworks/Accelerate.framework/Versions/A/Frameworks/vecLib.framework/Versions/A/libSparseBLAS.dylib
0x000000001c33f000 	/System/Library/Frameworks/Accelerate.framework/Versions/A/Frameworks/vecLib.framework/Versions/A/libQuadrature.dylib
0x000000001c33f000 	/System/Library/Frameworks/Accelerate.framework/Versions/A/Frameworks/vecLib.framework/Versions/A/libBNNS.dylib
0x000000001c33f000 	/System/Library/Frameworks/Accelerate.framework/Versions/A/Frameworks/vecLib.framework/Versions/A/libSparse.dylib
0x000000001c33f000 	/System/Library/PrivateFrameworks/GPUWrangler.framework/Versions/A/GPUWrangler
0x000000001c33f000 	/System/Library/PrivateFrameworks/IOAccelerator.framework/Versions/A/IOAccelerator
0x000000001c33f000 	/System/Library/PrivateFrameworks/IOPresentment.framework/Versions/A/IOPresentment
0x000000001c33f000 	/System/Library/PrivateFrameworks/DSExternalDisplay.framework/Versions/A/DSExternalDisplay
0x000000001c33f000 	/System/Library/Frameworks/OpenGL.framework/Versions/A/Libraries/libCoreFSCache.dylib
0x000000001c33f000 	/System/Library/Frameworks/MetalPerformanceShaders.framework/Frameworks/MPSCore.framework/Versions/A/MPSCore
0x000000001c33f000 	/System/Library/Frameworks/MetalPerformanceShaders.framework/Frameworks/MPSImage.framework/Versions/A/MPSImage
0x000000001c33f000 	/System/Library/Frameworks/MetalPerformanceShaders.framework/Frameworks/MPSNeuralNetwork.framework/Versions/A/MPSNeuralNetwork
0x000000001c33f000 	/System/Library/Frameworks/MetalPerformanceShaders.framework/Frameworks/MPSMatrix.framework/Versions/A/MPSMatrix
0x000000001c33f000 	/System/Library/Frameworks/MetalPerformanceShaders.framework/Frameworks/MPSRayIntersector.framework/Versions/A/MPSRayIntersector
0x000000001c33f000 	/System/Library/PrivateFrameworks/MetalTools.framework/Versions/A/MetalTools
0x000000001c33f000 	/System/Library/PrivateFrameworks/AggregateDictionary.framework/Versions/A/AggregateDictionary
0x000000001c33f000 	/usr/lib/libMobileGestalt.dylib
0x000000001c33f000 	/System/Library/Frameworks/CoreVideo.framework/Versions/A/CoreVideo
0x000000001c33f000 	/System/Library/PrivateFrameworks/GraphVisualizer.framework/Versions/A/GraphVisualizer
0x000000001c33f000 	/System/Library/PrivateFrameworks/FaceCore.framework/Versions/A/FaceCore
0x000000001c33f000 	/System/Library/Frameworks/OpenCL.framework/Versions/A/OpenCL
0x000000001c33f000 	/usr/lib/libFosl_dynamic.dylib
0x000000001c33f000 	/System/Library/PrivateFrameworks/OTSVG.framework/Versions/A/OTSVG
0x000000001c33f000 	/System/Library/Frameworks/ApplicationServices.framework/Versions/A/Frameworks/ATS.framework/Versions/A/Resources/libFontParser.dylib
0x000000001c33f000 	/System/Library/Frameworks/ApplicationServices.framework/Versions/A/Frameworks/ATS.framework/Versions/A/Resources/libFontRegistry.dylib
0x000000001c33f000 	/System/Library/Frameworks/ImageIO.framework/Versions/A/Resources/libJPEG.dylib
0x000000001c33f000 	/System/Library/Frameworks/ImageIO.framework/Versions/A/Resources/libTIFF.dylib
0x000000001c33f000 	/System/Library/Frameworks/ImageIO.framework/Versions/A/Resources/libPng.dylib
0x000000001c33f000 	/System/Library/Frameworks/ImageIO.framework/Versions/A/Resources/libGIF.dylib
0x000000001c33f000 	/System/Library/Frameworks/ImageIO.framework/Versions/A/Resources/libJP2.dylib
0x000000001c33f000 	/System/Library/Frameworks/ImageIO.framework/Versions/A/Resources/libRadiance.dylib
0x000000001c33f000 	/System/Library/PrivateFrameworks/AppleJPEG.framework/Versions/A/AppleJPEG
0x000000001c33f000 	/System/Library/Frameworks/OpenGL.framework/Versions/A/Libraries/libGFXShared.dylib
0x000000001c33f000 	/System/Library/Frameworks/OpenGL.framework/Versions/A/Libraries/libGLU.dylib
0x000000001c33f000 	/System/Library/Frameworks/OpenGL.framework/Versions/A/Libraries/libGL.dylib
0x000000001c33f000 	/System/Library/Frameworks/OpenGL.framework/Versions/A/Libraries/libGLImage.dylib
0x000000001c33f000 	/System/Library/Frameworks/OpenGL.framework/Versions/A/Libraries/libCVMSPluginSupport.dylib
0x000000001c33f000 	/System/Library/Frameworks/OpenGL.framework/Versions/A/Libraries/libCoreVMClient.dylib
0x000000001c33f000 	/usr/lib/libcups.2.dylib
0x000000001c33f000 	/System/Library/Frameworks/Kerberos.framework/Versions/A/Kerberos
0x000000001c33f000 	/System/Library/Frameworks/GSS.framework/Versions/A/GSS
0x000000001c33f000 	/usr/lib/libresolv.9.dylib
0x000000001c33f000 	/usr/lib/libiconv.2.dylib
0x000000001c33f000 	/System/Library/PrivateFrameworks/Heimdal.framework/Versions/A/Heimdal
0x000000001c33f000 	/usr/lib/libheimdal-asn1.dylib
0x000000001c33f000 	/System/Library/Frameworks/OpenDirectory.framework/Versions/A/OpenDirectory
0x000000001c33f000 	/System/Library/PrivateFrameworks/CommonAuth.framework/Versions/A/CommonAuth
0x000000001c33f000 	/System/Library/Frameworks/OpenDirectory.framework/Versions/A/Frameworks/CFOpenDirectory.framework/Versions/A/CFOpenDirectory
0x000000001c33f000 	/System/Library/Frameworks/SecurityFoundation.framework/Versions/A/SecurityFoundation
0x000000001c33f000 	/System/Library/PrivateFrameworks/APFS.framework/Versions/A/APFS
0x000000001c33f000 	/usr/lib/libutil.dylib
0x000000001c33f000 	/usr/lib/libcharset.1.dylib
0x000000001c33f000 	/System/Library/PrivateFrameworks/AppleSauce.framework/Versions/A/AppleSauce
0x000000001c33f000 	/System/Library/PrivateFrameworks/AssertionServices.framework/Versions/A/AssertionServices
0x000000001c33f000 	/System/Library/PrivateFrameworks/BaseBoard.framework/Versions/A/BaseBoard
0x000000001c33f000 	/usr/lib/libmecab.1.0.0.dylib
0x000000001c33f000 	/usr/lib/libgermantok.dylib
0x000000001c33f000 	/usr/lib/libThaiTokenizer.dylib
0x000000001c33f000 	/usr/lib/libChineseTokenizer.dylib
0x000000001c33f000 	/System/Library/PrivateFrameworks/LanguageModeling.framework/Versions/A/LanguageModeling
0x000000001c33f000 	/System/Library/PrivateFrameworks/CoreEmoji.framework/Versions/A/CoreEmoji
0x000000001c33f000 	/System/Library/PrivateFrameworks/Lexicon.framework/Versions/A/Lexicon
0x000000001c33f000 	/System/Library/PrivateFrameworks/LinguisticData.framework/Versions/A/LinguisticData
0x000000001c33f000 	/usr/lib/libcmph.dylib
0x000000001c33f000 	/System/Library/Frameworks/ServiceManagement.framework/Versions/A/ServiceManagement
0x000000001c33f000 	/System/Library/PrivateFrameworks/BackgroundTaskManagement.framework/Versions/A/BackgroundTaskManagement
0x000000001c33f000 	/usr/lib/libxslt.1.dylib
0x000000001c33f000 	/System/Library/Frameworks/Carbon.framework/Versions/A/Frameworks/Ink.framework/Versions/A/Ink
0x000000001c33f000 	/System/Library/PrivateFrameworks/TextureIO.framework/Versions/A/TextureIO
0x000000001c33f000 	/usr/lib/libate.dylib
0x000000001c33f000 	/System/Library/PrivateFrameworks/CrashReporterSupport.framework/Versions/A/CrashReporterSupport
0x000000001c33f000 	/System/Library/PrivateFrameworks/Sharing.framework/Versions/A/Sharing
0x000000001c33f000 	/System/Library/PrivateFrameworks/AuthKit.framework/Versions/A/AuthKit
0x000000001c33f000 	/System/Library/PrivateFrameworks/Apple80211.framework/Versions/A/Apple80211
0x000000001c33f000 	/System/Library/PrivateFrameworks/CoreUtils.framework/Versions/A/CoreUtils
0x000000001c33f000 	/System/Library/Frameworks/CoreWLAN.framework/Versions/A/CoreWLAN
0x000000001c33f000 	/System/Library/Frameworks/IOBluetooth.framework/Versions/A/IOBluetooth
0x000000001c33f000 	/System/Library/PrivateFrameworks/ProtocolBuffer.framework/Versions/A/ProtocolBuffer
0x000000001c33f000 	/System/Library/PrivateFrameworks/MobileKeyBag.framework/Versions/A/MobileKeyBag
0x000000001c33f000 	/System/Library/PrivateFrameworks/CorePhoneNumbers.framework/Versions/A/CorePhoneNumbers
0x000000001c33f000 	/System/Library/PrivateFrameworks/AppleIDAuthSupport.framework/Versions/A/AppleIDAuthSupport
0x000000001c33f000 	/System/Library/PrivateFrameworks/KeychainCircle.framework/Versions/A/KeychainCircle
0x000000001c33f000 	/System/Library/PrivateFrameworks/ROCKit.framework/Versions/A/ROCKit
0x000000001c33f000 	/System/Library/PrivateFrameworks/CoreWiFi.framework/Versions/A/CoreWiFi
0x000000001c33f000 	/System/Library/Frameworks/CoreBluetooth.framework/Versions/A/CoreBluetooth
0x000000001c33f000 	/System/Library/PrivateFrameworks/DebugSymbols.framework/Versions/A/DebugSymbols
0x000000001c33f000 	/System/Library/PrivateFrameworks/CoreSymbolication.framework/Versions/A/CoreSymbolication
0x000000001c33f000 	/System/Library/PrivateFrameworks/Symbolication.framework/Versions/A/Symbolication
0x000000001c33f000 	/System/Library/PrivateFrameworks/SpeechRecognitionCore.framework/Versions/A/SpeechRecognitionCore
0x0000000106e00000 	/Library/Java/JavaVirtualMachines/jdk1.8.0_152.jdk/Contents/Home/jre/lib/server/libjvm.dylib
0x000000001c33f000 	/usr/lib/libstdc++.6.dylib
0x0000000104621000 	/Library/Java/JavaVirtualMachines/jdk1.8.0_152.jdk/Contents/Home/jre/lib/libverify.dylib
0x000000010462f000 	/Library/Java/JavaVirtualMachines/jdk1.8.0_152.jdk/Contents/Home/jre/lib/libjava.dylib
0x0000000104666000 	/Library/Java/JavaVirtualMachines/jdk1.8.0_152.jdk/Contents/Home/jre/lib/libjdwp.dylib
0x00000001046b1000 	/Library/Java/JavaVirtualMachines/jdk1.8.0_152.jdk/Contents/Home/jre/lib/libnpt.dylib
0x00000001046b5000 	/Library/Java/JavaVirtualMachines/jdk1.8.0_152.jdk/Contents/Home/jre/lib/libinstrument.dylib
0x0000000104721000 	/Library/Java/JavaVirtualMachines/jdk1.8.0_152.jdk/Contents/Home/jre/lib/libzip.dylib
0x0000000105358000 	/Library/Java/JavaVirtualMachines/jdk1.8.0_152.jdk/Contents/Home/jre/lib/libdt_socket.dylib
0x000000011c945000 	/Library/Java/JavaVirtualMachines/jdk1.8.0_152.jdk/Contents/Home/jre/lib/libmanagement.dylib
0x000000011cd53000 	/Library/Java/JavaVirtualMachines/jdk1.8.0_152.jdk/Contents/Home/jre/lib/libnet.dylib
0x000000011cd6a000 	/Library/Java/JavaVirtualMachines/jdk1.8.0_152.jdk/Contents/Home/jre/lib/libnio.dylib
0x000000011cf7a000 	/private/var/folders/bh/gpqjj20x3q113mmwmnvs52280000gp/T/jna-106100674/jna5840040409447455897.tmp
0x000000001c33f000 	/System/Library/Frameworks/JavaVM.framework/Versions/A/JavaVM
0x000000001c33f000 	/System/Library/PrivateFrameworks/JavaLaunching.framework/Versions/A/JavaLaunching
0x000000001c33f000 	/System/Library/Frameworks/Carbon.framework/Versions/A/Carbon
0x000000001c33f000 	/System/Library/Frameworks/Carbon.framework/Versions/A/Frameworks/CommonPanels.framework/Versions/A/CommonPanels
0x000000001c33f000 	/System/Library/Frameworks/Carbon.framework/Versions/A/Frameworks/Help.framework/Versions/A/Help
0x000000001c33f000 	/System/Library/Frameworks/Carbon.framework/Versions/A/Frameworks/ImageCapture.framework/Versions/A/ImageCapture
0x000000001c33f000 	/System/Library/Frameworks/Carbon.framework/Versions/A/Frameworks/OpenScripting.framework/Versions/A/OpenScripting
0x000000001c33f000 	/System/Library/Frameworks/Carbon.framework/Versions/A/Frameworks/Print.framework/Versions/A/Print
0x000000001c33f000 	/System/Library/Frameworks/Carbon.framework/Versions/A/Frameworks/SecurityHI.framework/Versions/A/SecurityHI

VM Arguments:
jvm_args: -agentlib:jdwp=transport=dt_socket,suspend=y,address=localhost:57057 -Xms200m -Xmx3000m -Xss4M -ea -Dcom.sun.org.apache.xml.internal.dtm.DTMManager=com.sun.org.apache.xml.internal.dtm.ref.DTMManagerDefault -Dorg.apache.xml.dtm.DTMManager=org.apache.xml.dtm.ref.DTMManagerDefault -XX:ParallelGCThreads=6 -XX:+UseParNewGC -XX:+UseConcMarkSweepGC -XX:CMSInitiatingOccupancyFraction=70 -XX:+UseCMSInitiatingOccupancyOnly -javaagent:/Applications/eclipse-4.11-jade/Eclipse.app/Contents/Eclipse/configuration/org.eclipse.osgi/172/0/.cp/lib/javaagent-shaded.jar -Dfile.encoding=UTF-8 
java_command: cc.alcina.framework.classmeta.ClassMetaServer
java_class_path (initial): /private/var/local/git/alcina/lib/framework/entity/xalan-2.7.2.jar:/private/var/local/git/alcina/lib/framework/entity/commons-lang-2.5.jar:/private/var/local/git/alcina/framework/extras/rpc/client/build:/private/var/local/git/alcina/framework/extras/rpc/servlet/build:/private/var/local/git/alcina/framework/clientreflectorjvm/build:/private/var/local/git/alcina/framework/jvmclient/build:/private/var/local/git/alcina/extras/dev/bin:/private/var/local/git/alcina/extras/jsdom/build:/private/var/local/git/alcina/extras/jsdom/build-element:/private/var/local/git/alcina/bin:/private/var/local/git/alcina/lib/framework/entity/nekohtml.jar:/private/var/local/git/alcina/lib/extras/cluster/ant.jar:/private/var/local/git/alcina/lib/framework/common/persistence-api.jar:/private/var/local/git/alcina/lib/framework/common/jaxb-api.jar:/private/var/local/git/alcina/lib/framework/entity/jsr173_api.jar:/private/var/local/git/alcina/lib/framework/entity/log4j-1.2.17.jar:/private/var/local/git/alcina/lib/framework/entity/xercesImpl_2.9.jar:/private/var/local/git/alcina/lib/framework/gwt/gwtx-1.5.2.jar:/private/var/local/git/alcina/lib/framework/gwt/gwt-dev.jar:/private/var/local/git/alcina/lib/framework/gwt/gwittir-trunk.jar:/private/var/local/git/alcina/lib/framework/gwt/gwt-html5-database.jar:/private/var/local/git/alcina/lib/framework/gwt/validation-api-1.0.0.GA-sources.jar:/private/var/local/git/alcina/lib/framework/gwt/validation-api-1.0.0.GA.jar:/private/var/local/git/alcina/lib/framework/impl/jboss-hibernate/hibernate-commons-annotations-4.0.4.Final.jar:/private/var/local/git/alcina/lib/framework/impl/jboss-hibernate/hibernate-core-4.3.7.Final.jar:/private/var/local/git/alcina/lib/framework/gwt/gwt-user.jar:/private/var/local/git/alcina/lib/framework/impl/jboss-hibernate/hibernate-entitymanager-4.3.7.Final.jar:/private/var/local/git/alcina/lib/framework/servlet/activation.jar:/private/var/local/git/alcina/lib/framework/servlet/mail-1.4.4.jar:/private/v
Launcher Type: SUN_STANDARD

Environment Variables:
PATH=/usr/bin:/bin:/usr/sbin:/sbin
SHELL=/bin/bash
DISPLAY=/private/tmp/com.apple.launchd.Q0gN0a1pQa/org.macosforge.xquartz:0

Signal Handlers:
SIGSEGV: [libjvm.dylib+0x5b494d], sa_mask[0]=11111111011111110111111111111111, sa_flags=SA_ONSTACK|SA_RESTART|SA_SIGINFO
SIGBUS: [libjvm.dylib+0x5b494d], sa_mask[0]=11111111011111110111111111111111, sa_flags=SA_RESTART|SA_SIGINFO
SIGFPE: [libjvm.dylib+0x48ab54], sa_mask[0]=11111111011111110111111111111111, sa_flags=SA_RESTART|SA_SIGINFO
SIGPIPE: [libjvm.dylib+0x48ab54], sa_mask[0]=11111111011111110111111111111111, sa_flags=SA_RESTART|SA_SIGINFO
SIGXFSZ: [libjvm.dylib+0x48ab54], sa_mask[0]=11111111011111110111111111111111, sa_flags=SA_RESTART|SA_SIGINFO
SIGILL: [libjvm.dylib+0x48ab54], sa_mask[0]=11111111011111110111111111111111, sa_flags=SA_RESTART|SA_SIGINFO
SIGUSR1: SIG_DFL, sa_mask[0]=00000000000000000000000000000000, sa_flags=none
SIGUSR2: [libjvm.dylib+0x48a672], sa_mask[0]=00100000000000000000000000000000, sa_flags=SA_RESTART|SA_SIGINFO
SIGHUP: [libjvm.dylib+0x488c49], sa_mask[0]=11111111011111110111111111111111, sa_flags=SA_RESTART|SA_SIGINFO
SIGINT: [libjvm.dylib+0x488c49], sa_mask[0]=11111111011111110111111111111111, sa_flags=SA_RESTART|SA_SIGINFO
SIGTERM: [libjvm.dylib+0x488c49], sa_mask[0]=11111111011111110111111111111111, sa_flags=SA_RESTART|SA_SIGINFO
SIGQUIT: [libjvm.dylib+0x488c49], sa_mask[0]=11111111011111110111111111111111, sa_flags=SA_RESTART|SA_SIGINFO


---------------  S Y S T E M  ---------------

OS:Bsduname:Darwin 18.7.0 Darwin Kernel Version 18.7.0: Thu Jun 20 18:42:21 PDT 2019; root:xnu-4903.270.47~4/RELEASE_X86_64 x86_64
rlimit: STACK 8192k, CORE 0k, NPROC 2837, NOFILE 10240, AS infinity
load average:5.80 4.24 3.66

CPU:total 12 (initial active 12) (6 cores per cpu, 2 threads per core) family 6 model 158 stepping 10, cmov, cx8, fxsr, mmx, sse, sse2, sse3, ssse3, sse4.1, sse4.2, popcnt, avx, avx2, aes, clmul, erms, rtm, 3dnowpref, lzcnt, ht, tsc, tscinvbit, bmi1, bmi2, adx

Memory: 4k page, physical 33554432k(1294848k free)

/proc/meminfo:


vm_info: Java HotSpot(TM) 64-Bit Server VM (25.152-b16) for bsd-amd64 JRE (1.8.0_152-b16), built on Sep 14 2017 02:31:13 by "java_re" with gcc 4.2.1 (Based on Apple Inc. build 5658) (LLVM build 2336.11.00)

time: Sat Sep  7 16:18:20 2019
elapsed time: 3800 seconds (0d 1h 3m 20s)

